{"level":"info","message":"Connected to Redis server","timestamp":"2025-01-20T09:41:21.142Z"}
{"level":"info","message":"Redis server is ready","timestamp":"2025-01-20T09:41:21.162Z"}
{"level":"info","message":"Connected to Redis server","timestamp":"2025-01-20T09:41:55.369Z"}
{"level":"info","message":"Redis server is ready","timestamp":"2025-01-20T09:41:55.387Z"}
{"level":"info","message":"Connected to Redis server","timestamp":"2025-01-20T09:43:04.907Z"}
{"level":"info","message":"Redis server is ready","timestamp":"2025-01-20T09:43:04.926Z"}
{"level":"info","message":"Connected to Redis server","timestamp":"2025-01-20T09:43:11.571Z"}
{"level":"info","message":"Redis server is ready","timestamp":"2025-01-20T09:43:11.589Z"}
{"level":"info","message":"Connected to Redis server","timestamp":"2025-01-20T09:43:15.205Z"}
{"level":"info","message":"Redis server is ready","timestamp":"2025-01-20T09:43:15.233Z"}
{"level":"info","message":"Connected to Redis server","timestamp":"2025-01-20T09:44:02.990Z"}
{"level":"info","message":"Redis server is ready","timestamp":"2025-01-20T09:44:03.009Z"}
{"level":"info","message":"Fetching dashboard stats...","timestamp":"2025-01-20T09:44:17.074Z"}
{"level":"error","message":"Error in getDashboardStats: where is not defined","stack":"ReferenceError: where is not defined\n    at AuctionService.getDashboardStats (F:\\WORKSPACE-DEV\\testing\\b2\\code\\backend\\services\\auction\\admin-auction.service.js:588:9)\n    at async getDashboardStats (F:\\WORKSPACE-DEV\\testing\\b2\\code\\backend\\controllers\\admin\\admin-auction.controller.js:291:21)","timestamp":"2025-01-20T09:44:17.297Z"}
{"level":"info","message":"Connected to Redis server","timestamp":"2025-01-20T09:45:30.632Z"}
{"level":"info","message":"Redis server is ready","timestamp":"2025-01-20T09:45:30.668Z"}
{"isOperational":true,"level":"error","message":"Error fetching auction by ID: 404","stack":"Error: 404\n    at AuctionService.getAuctionById (F:\\WORKSPACE-DEV\\testing\\b2\\code\\backend\\services\\auction\\admin-auction.service.js:229:15)\n    at async getAuctionById (F:\\WORKSPACE-DEV\\testing\\b2\\code\\backend\\controllers\\admin\\admin-auction.controller.js:256:23)","status":"error","statusCode":"Auction not found","timestamp":"2025-01-20T09:45:31.482Z"}
{"isOperational":true,"level":"error","message":"Error in getAuctionById: 500","stack":"Error: 500\n    at AuctionService.getAuctionById (F:\\WORKSPACE-DEV\\testing\\b2\\code\\backend\\services\\auction\\admin-auction.service.js:252:13)\n    at async getAuctionById (F:\\WORKSPACE-DEV\\testing\\b2\\code\\backend\\controllers\\admin\\admin-auction.controller.js:256:23)","status":"error","statusCode":"Failed to fetch auction","timestamp":"2025-01-20T09:45:31.484Z"}
{"level":"error","message":"Failed to fetch auction","stack":"Error: Failed to fetch auction\n    at getAuctionById (F:\\WORKSPACE-DEV\\testing\\b2\\code\\backend\\controllers\\admin\\admin-auction.controller.js:268:12)","statusCode":"500","timestamp":"2025-01-20T09:45:31.485Z"}
{"level":"info","message":"Connected to Redis server","timestamp":"2025-01-20T09:45:53.547Z"}
{"level":"info","message":"Redis server is ready","timestamp":"2025-01-20T09:45:53.572Z"}
{"level":"info","message":"Fetching dashboard stats...","timestamp":"2025-01-20T09:45:55.352Z"}
{"level":"error","message":"Error in getDashboardStats: where is not defined","stack":"ReferenceError: where is not defined\n    at AuctionService.getDashboardStats (F:\\WORKSPACE-DEV\\testing\\b2\\code\\backend\\services\\auction\\admin-auction.service.js:588:9)\n    at async getDashboardStats (F:\\WORKSPACE-DEV\\testing\\b2\\code\\backend\\controllers\\admin\\admin-auction.controller.js:291:21)","timestamp":"2025-01-20T09:45:55.581Z"}
{"level":"info","message":"Connected to Redis server","timestamp":"2025-01-20T09:49:01.985Z"}
{"level":"info","message":"Redis server is ready","timestamp":"2025-01-20T09:49:02.017Z"}
{"level":"info","message":"Connected to Redis server","timestamp":"2025-01-20T09:49:12.607Z"}
{"level":"info","message":"Redis server is ready","timestamp":"2025-01-20T09:49:12.646Z"}
{"level":"info","message":"Connected to Redis server","timestamp":"2025-01-20T09:49:26.919Z"}
{"level":"info","message":"Redis server is ready","timestamp":"2025-01-20T09:49:26.971Z"}
{"level":"info","message":"Fetching dashboard stats...","timestamp":"2025-01-20T09:49:30.325Z"}
{"level":"info","message":"Connected to Redis server","timestamp":"2025-01-20T16:50:02.772Z"}
{"level":"info","message":"Redis server is ready","timestamp":"2025-01-20T16:50:02.800Z"}
{"level":"info","message":"Connected to Redis server","timestamp":"2025-01-20T17:24:50.156Z"}
{"level":"info","message":"Redis server is ready","timestamp":"2025-01-20T17:24:50.175Z"}
{"level":"info","message":"Connected to Redis server","timestamp":"2025-01-20T17:24:52.656Z"}
{"level":"info","message":"Redis server is ready","timestamp":"2025-01-20T17:24:52.671Z"}
{"level":"info","message":"Connected to Redis server","timestamp":"2025-01-20T17:26:21.676Z"}
{"level":"info","message":"Redis server is ready","timestamp":"2025-01-20T17:26:21.692Z"}
{"level":"info","message":"Connected to Redis server","timestamp":"2025-01-20T17:26:28.798Z"}
{"level":"info","message":"Redis server is ready","timestamp":"2025-01-20T17:26:28.809Z"}
{"level":"info","message":"Connected to Redis server","timestamp":"2025-01-20T17:27:54.685Z"}
{"level":"info","message":"Redis server is ready","timestamp":"2025-01-20T17:27:54.699Z"}
{"level":"info","message":"Connected to Redis server","timestamp":"2025-01-20T17:28:01.677Z"}
{"level":"info","message":"Redis server is ready","timestamp":"2025-01-20T17:28:01.689Z"}
{"level":"info","message":"Connected to Redis server","timestamp":"2025-01-20T17:28:07.125Z"}
{"level":"info","message":"Redis server is ready","timestamp":"2025-01-20T17:28:07.141Z"}
{"level":"info","message":"Connected to Redis server","timestamp":"2025-01-20T17:28:57.563Z"}
{"level":"info","message":"Redis server is ready","timestamp":"2025-01-20T17:28:57.576Z"}
{"level":"info","message":"Connected to Redis server","timestamp":"2025-01-20T17:29:06.281Z"}
{"level":"info","message":"Redis server is ready","timestamp":"2025-01-20T17:29:06.292Z"}
{"level":"info","message":"Connected to Redis server","timestamp":"2025-01-20T17:29:30.025Z"}
{"level":"info","message":"Redis server is ready","timestamp":"2025-01-20T17:29:30.036Z"}
{"level":"info","message":"Connected to Redis server","timestamp":"2025-01-20T17:29:36.044Z"}
{"level":"info","message":"Redis server is ready","timestamp":"2025-01-20T17:29:36.058Z"}
{"level":"info","message":"Connected to Redis server","timestamp":"2025-01-20T17:30:18.899Z"}
{"level":"info","message":"Redis server is ready","timestamp":"2025-01-20T17:30:18.912Z"}
{"level":"info","message":"Connected to Redis server","timestamp":"2025-01-20T17:30:31.265Z"}
{"level":"info","message":"Redis server is ready","timestamp":"2025-01-20T17:30:31.280Z"}
{"level":"info","message":"Connected to Redis server","timestamp":"2025-01-20T17:34:16.010Z"}
{"level":"info","message":"Redis server is ready","timestamp":"2025-01-20T17:34:16.020Z"}
{"level":"info","message":"Connected to Redis server","timestamp":"2025-01-20T17:34:22.026Z"}
{"level":"info","message":"Redis server is ready","timestamp":"2025-01-20T17:34:22.039Z"}
{"level":"info","message":"Connected to Redis server","timestamp":"2025-01-20T17:34:37.679Z"}
{"level":"info","message":"Redis server is ready","timestamp":"2025-01-20T17:34:37.699Z"}
{"level":"info","message":"Connected to Redis server","timestamp":"2025-01-20T17:34:47.273Z"}
{"level":"info","message":"Redis server is ready","timestamp":"2025-01-20T17:34:47.285Z"}
{"level":"info","message":"Connected to Redis server","timestamp":"2025-01-20T17:35:30.128Z"}
{"level":"info","message":"Redis server is ready","timestamp":"2025-01-20T17:35:30.144Z"}
{"level":"info","message":"Connected to Redis server","timestamp":"2025-01-20T17:35:35.114Z"}
{"level":"info","message":"Redis server is ready","timestamp":"2025-01-20T17:35:35.126Z"}
{"level":"info","message":"Connected to Redis server","timestamp":"2025-01-20T17:36:29.502Z"}
{"level":"info","message":"Redis server is ready","timestamp":"2025-01-20T17:36:29.514Z"}
{"level":"info","message":"Connected to Redis server","timestamp":"2025-01-20T17:37:27.607Z"}
{"level":"info","message":"Redis server is ready","timestamp":"2025-01-20T17:37:27.617Z"}
{"level":"info","message":"Connected to Redis server","timestamp":"2025-01-20T17:38:10.168Z"}
{"level":"info","message":"Redis server is ready","timestamp":"2025-01-20T17:38:10.189Z"}
{"level":"info","message":"Connected to Redis server","timestamp":"2025-01-20T17:38:39.543Z"}
{"level":"info","message":"Redis server is ready","timestamp":"2025-01-20T17:38:39.558Z"}
{"level":"info","message":"Connected to Redis server","timestamp":"2025-01-20T17:38:55.676Z"}
{"level":"info","message":"Redis server is ready","timestamp":"2025-01-20T17:38:55.688Z"}
{"level":"info","message":"Connected to Redis server","timestamp":"2025-01-20T17:39:03.235Z"}
{"level":"info","message":"Redis server is ready","timestamp":"2025-01-20T17:39:03.248Z"}
{"level":"info","message":"Connected to Redis server","timestamp":"2025-01-20T17:39:25.095Z"}
{"level":"info","message":"Redis server is ready","timestamp":"2025-01-20T17:39:25.105Z"}
{"level":"info","message":"Connected to Redis server","timestamp":"2025-01-20T17:39:42.709Z"}
{"level":"info","message":"Redis server is ready","timestamp":"2025-01-20T17:39:42.728Z"}
{"level":"info","message":"Connected to Redis server","timestamp":"2025-01-20T17:40:29.336Z"}
{"level":"info","message":"Redis server is ready","timestamp":"2025-01-20T17:40:29.347Z"}
{"level":"info","message":"Connected to Redis server","timestamp":"2025-01-20T17:40:30.758Z"}
{"level":"info","message":"Redis server is ready","timestamp":"2025-01-20T17:40:30.770Z"}
{"level":"info","message":"Connected to Redis server","timestamp":"2025-01-20T17:40:43.810Z"}
{"level":"info","message":"Redis server is ready","timestamp":"2025-01-20T17:40:43.821Z"}
{"level":"info","message":"Connected to Redis server","timestamp":"2025-01-20T17:41:04.161Z"}
{"level":"info","message":"Redis server is ready","timestamp":"2025-01-20T17:41:04.181Z"}
{"level":"info","message":"Connected to Redis server","timestamp":"2025-01-20T17:41:06.720Z"}
{"level":"info","message":"Redis server is ready","timestamp":"2025-01-20T17:41:06.734Z"}
{"level":"info","message":"Connected to Redis server","timestamp":"2025-01-20T17:41:09.793Z"}
{"level":"info","message":"Redis server is ready","timestamp":"2025-01-20T17:41:09.806Z"}
{"level":"info","message":"Connected to Redis server","timestamp":"2025-01-20T17:41:44.570Z"}
{"level":"info","message":"Redis server is ready","timestamp":"2025-01-20T17:41:44.581Z"}
{"level":"info","message":"Connected to Redis server","timestamp":"2025-01-20T17:41:57.872Z"}
{"level":"info","message":"Redis server is ready","timestamp":"2025-01-20T17:41:57.883Z"}
{"level":"info","message":"Connected to Redis server","timestamp":"2025-01-20T17:42:19.631Z"}
{"level":"info","message":"Redis server is ready","timestamp":"2025-01-20T17:42:19.643Z"}
{"level":"info","message":"Connected to Redis server","timestamp":"2025-01-20T17:42:21.094Z"}
{"level":"info","message":"Redis server is ready","timestamp":"2025-01-20T17:42:21.104Z"}
{"level":"info","message":"Connected to Redis server","timestamp":"2025-01-20T17:42:22.699Z"}
{"level":"info","message":"Redis server is ready","timestamp":"2025-01-20T17:42:22.709Z"}
{"level":"info","message":"Connected to Redis server","timestamp":"2025-01-20T17:42:25.167Z"}
{"level":"info","message":"Redis server is ready","timestamp":"2025-01-20T17:42:25.177Z"}
{"level":"info","message":"Connected to Redis server","timestamp":"2025-01-20T17:42:27.827Z"}
{"level":"info","message":"Redis server is ready","timestamp":"2025-01-20T17:42:27.839Z"}
{"level":"info","message":"Connected to Redis server","timestamp":"2025-01-20T17:43:09.430Z"}
{"level":"info","message":"Redis server is ready","timestamp":"2025-01-20T17:43:09.440Z"}
{"level":"info","message":"Connected to Redis server","timestamp":"2025-01-20T17:43:14.888Z"}
{"level":"info","message":"Redis server is ready","timestamp":"2025-01-20T17:43:14.905Z"}
{"level":"info","message":"Connected to Redis server","timestamp":"2025-01-20T17:43:18.951Z"}
{"level":"info","message":"Redis server is ready","timestamp":"2025-01-20T17:43:18.962Z"}
{"level":"info","message":"Connected to Redis server","timestamp":"2025-01-20T17:43:22.578Z"}
{"level":"info","message":"Redis server is ready","timestamp":"2025-01-20T17:43:22.591Z"}
{"level":"info","message":"Connected to Redis server","timestamp":"2025-01-20T17:43:33.184Z"}
{"level":"info","message":"Redis server is ready","timestamp":"2025-01-20T17:43:33.196Z"}
{"level":"info","message":"Connected to Redis server","timestamp":"2025-01-20T17:45:36.275Z"}
{"level":"info","message":"Redis server is ready","timestamp":"2025-01-20T17:45:36.292Z"}
{"level":"info","message":"Connected to Redis server","timestamp":"2025-01-20T17:45:39.697Z"}
{"level":"info","message":"Redis server is ready","timestamp":"2025-01-20T17:45:39.708Z"}
{"level":"info","message":"Connected to Redis server","timestamp":"2025-01-20T17:45:43.104Z"}
{"level":"info","message":"Redis server is ready","timestamp":"2025-01-20T17:45:43.115Z"}
{"level":"info","message":"Connected to Redis server","timestamp":"2025-01-20T17:45:46.584Z"}
{"level":"info","message":"Redis server is ready","timestamp":"2025-01-20T17:45:46.595Z"}
{"level":"info","message":"Connected to Redis server","timestamp":"2025-01-20T17:45:48.071Z"}
{"level":"info","message":"Redis server is ready","timestamp":"2025-01-20T17:45:48.084Z"}
{"level":"info","message":"Connected to Redis server","timestamp":"2025-01-20T17:45:57.504Z"}
{"level":"info","message":"Redis server is ready","timestamp":"2025-01-20T17:45:57.515Z"}
{"level":"info","message":"Connected to Redis server","timestamp":"2025-01-20T17:46:03.110Z"}
{"level":"info","message":"Redis server is ready","timestamp":"2025-01-20T17:46:03.123Z"}
{"level":"info","message":"Connected to Redis server","timestamp":"2025-01-20T17:46:12.049Z"}
{"level":"info","message":"Redis server is ready","timestamp":"2025-01-20T17:46:12.064Z"}
{"level":"info","message":"Connected to Redis server","timestamp":"2025-01-20T17:46:13.699Z"}
{"level":"info","message":"Redis server is ready","timestamp":"2025-01-20T17:46:13.711Z"}
{"level":"info","message":"Connected to Redis server","timestamp":"2025-01-20T17:46:21.903Z"}
{"level":"info","message":"Redis server is ready","timestamp":"2025-01-20T17:46:21.917Z"}
{"level":"info","message":"Connected to Redis server","timestamp":"2025-01-20T17:48:50.473Z"}
{"level":"info","message":"Redis server is ready","timestamp":"2025-01-20T17:48:50.486Z"}
{"level":"info","message":"Connected to Redis server","timestamp":"2025-01-20T17:48:52.575Z"}
{"level":"info","message":"Redis server is ready","timestamp":"2025-01-20T17:48:52.585Z"}
{"level":"info","message":"Connected to Redis server","timestamp":"2025-01-20T17:48:55.465Z"}
{"level":"info","message":"Redis server is ready","timestamp":"2025-01-20T17:48:55.479Z"}
{"level":"info","message":"Connected to Redis server","timestamp":"2025-01-20T17:48:58.417Z"}
{"level":"info","message":"Redis server is ready","timestamp":"2025-01-20T17:48:58.430Z"}
{"level":"info","message":"Connected to Redis server","timestamp":"2025-01-20T17:49:07.536Z"}
{"level":"info","message":"Redis server is ready","timestamp":"2025-01-20T17:49:07.548Z"}
{"level":"info","message":"Connected to Redis server","timestamp":"2025-01-20T17:49:09.600Z"}
{"level":"info","message":"Redis server is ready","timestamp":"2025-01-20T17:49:09.612Z"}
{"level":"info","message":"Connected to Redis server","timestamp":"2025-01-20T17:49:10.899Z"}
{"level":"info","message":"Redis server is ready","timestamp":"2025-01-20T17:49:10.914Z"}
{"level":"info","message":"Connected to Redis server","timestamp":"2025-01-20T17:49:16.241Z"}
{"level":"info","message":"Redis server is ready","timestamp":"2025-01-20T17:49:16.255Z"}
{"level":"info","message":"Connected to Redis server","timestamp":"2025-01-20T17:49:29.267Z"}
{"level":"info","message":"Redis server is ready","timestamp":"2025-01-20T17:49:29.289Z"}
{"level":"info","message":"Connected to Redis server","timestamp":"2025-01-20T17:49:39.003Z"}
{"level":"info","message":"Redis server is ready","timestamp":"2025-01-20T17:49:39.014Z"}
{"level":"info","message":"Connected to Redis server","timestamp":"2025-01-20T17:49:42.043Z"}
{"level":"info","message":"Redis server is ready","timestamp":"2025-01-20T17:49:42.056Z"}
{"level":"info","message":"Connected to Redis server","timestamp":"2025-01-20T17:49:53.525Z"}
{"level":"info","message":"Redis server is ready","timestamp":"2025-01-20T17:49:53.536Z"}
{"level":"info","message":"Connected to Redis server","timestamp":"2025-01-20T17:50:18.467Z"}
{"level":"info","message":"Redis server is ready","timestamp":"2025-01-20T17:50:18.476Z"}
{"level":"info","message":"Connected to Redis server","timestamp":"2025-01-20T17:51:07.460Z"}
{"level":"info","message":"Redis server is ready","timestamp":"2025-01-20T17:51:07.470Z"}
{"level":"info","message":"Connected to Redis server","timestamp":"2025-01-20T17:51:26.841Z"}
{"level":"info","message":"Redis server is ready","timestamp":"2025-01-20T17:51:26.854Z"}
{"level":"info","message":"Connected to Redis server","timestamp":"2025-01-20T17:56:15.887Z"}
{"level":"info","message":"Redis server is ready","timestamp":"2025-01-20T17:56:15.899Z"}
{"level":"info","message":"Connected to Redis server","timestamp":"2025-01-20T17:56:19.569Z"}
{"level":"info","message":"Redis server is ready","timestamp":"2025-01-20T17:56:19.579Z"}
{"level":"info","message":"Connected to Redis server","timestamp":"2025-01-20T18:46:30.731Z"}
{"level":"info","message":"Redis server is ready","timestamp":"2025-01-20T18:46:30.751Z"}
{"level":"info","message":"Connected to Redis server","timestamp":"2025-01-20T18:46:38.592Z"}
{"level":"info","message":"Redis server is ready","timestamp":"2025-01-20T18:46:38.602Z"}
{"isOperational":true,"level":"error","message":"Error fetching auction: 404","stack":"Error: 404\n    at AuctionService.getAuctionById (F:\\WORKSPACE-DEV\\testing\\b2\\code\\backend\\services\\auction\\getAuction.service.js:181:15)\n    at async getAuctionById (F:\\WORKSPACE-DEV\\testing\\b2\\code\\backend\\controllers\\v1\\auction.controller.js:107:23)","status":"error","statusCode":"Auction not found","timestamp":"2025-01-20T18:46:43.798Z"}
{"level":"info","message":"Connected to Redis server","timestamp":"2025-01-20T18:48:05.437Z"}
{"level":"info","message":"Redis server is ready","timestamp":"2025-01-20T18:48:05.449Z"}
{"isOperational":true,"level":"error","message":"Error fetching auction: 404","stack":"Error: 404\n    at AuctionService.getAuctionById (F:\\WORKSPACE-DEV\\testing\\b2\\code\\backend\\services\\auction\\getAuction.service.js:181:15)\n    at async getAuctionById (F:\\WORKSPACE-DEV\\testing\\b2\\code\\backend\\controllers\\v1\\auction.controller.js:107:23)","status":"error","statusCode":"Auction not found","timestamp":"2025-01-20T18:49:02.791Z"}
{"level":"info","message":"Connected to Redis server","timestamp":"2025-01-20T18:52:51.734Z"}
{"level":"info","message":"Redis server is ready","timestamp":"2025-01-20T18:52:51.746Z"}
{"isOperational":true,"level":"error","message":"Error fetching auction: 404","stack":"Error: 404\n    at AuctionService.getAuctionById (F:\\WORKSPACE-DEV\\testing\\b2\\code\\backend\\services\\auction\\getAuction.service.js:181:15)\n    at async getAuctionById (F:\\WORKSPACE-DEV\\testing\\b2\\code\\backend\\controllers\\v1\\auction.controller.js:107:23)","status":"error","statusCode":"Auction not found","timestamp":"2025-01-20T18:55:17.080Z"}
{"level":"info","message":"Connected to Redis server","timestamp":"2025-01-20T18:57:39.288Z"}
{"level":"info","message":"Redis server is ready","timestamp":"2025-01-20T18:57:39.318Z"}
{"level":"info","message":"Connected to Redis server","timestamp":"2025-01-20T18:59:39.355Z"}
{"level":"info","message":"Redis server is ready","timestamp":"2025-01-20T18:59:39.369Z"}
{"level":"info","message":"Connected to Redis server","timestamp":"2025-01-20T18:59:41.624Z"}
{"level":"info","message":"Redis server is ready","timestamp":"2025-01-20T18:59:41.639Z"}
{"isOperational":true,"level":"error","message":"Error fetching auction: 404","stack":"Error: 404\n    at AuctionService.getAuctionById (F:\\WORKSPACE-DEV\\testing\\b2\\code\\backend\\services\\auction\\getAuction.service.js:181:15)\n    at async getAuctionById (F:\\WORKSPACE-DEV\\testing\\b2\\code\\backend\\controllers\\v1\\auction.controller.js:107:23)","status":"error","statusCode":"Auction not found","timestamp":"2025-01-20T18:59:44.796Z"}
{"level":"info","message":"Connected to Redis server","timestamp":"2025-01-20T19:00:11.486Z"}
{"level":"info","message":"Redis server is ready","timestamp":"2025-01-20T19:00:11.499Z"}
{"isOperational":true,"level":"error","message":"Error fetching auction: 404","stack":"Error: 404\n    at AuctionService.getAuctionById (F:\\WORKSPACE-DEV\\testing\\b2\\code\\backend\\services\\auction\\getAuction.service.js:181:15)\n    at async getAuctionById (F:\\WORKSPACE-DEV\\testing\\b2\\code\\backend\\controllers\\v1\\auction.controller.js:107:23)","status":"error","statusCode":"Auction not found","timestamp":"2025-01-20T19:01:07.347Z"}
{"level":"info","message":"Connected to Redis server","timestamp":"2025-01-20T19:01:34.165Z"}
{"level":"info","message":"Redis server is ready","timestamp":"2025-01-20T19:01:34.178Z"}
{"level":"info","message":"Connected to Redis server","timestamp":"2025-01-20T19:03:44.359Z"}
{"level":"info","message":"Redis server is ready","timestamp":"2025-01-20T19:03:44.372Z"}
{"isOperational":true,"level":"error","message":"Error fetching auction: 404","stack":"Error: 404\n    at AuctionService.getAuctionById (F:\\WORKSPACE-DEV\\testing\\b2\\code\\backend\\services\\auction\\getAuction.service.js:181:15)\n    at async getAuctionById (F:\\WORKSPACE-DEV\\testing\\b2\\code\\backend\\controllers\\v1\\auction.controller.js:107:23)","status":"error","statusCode":"Auction not found","timestamp":"2025-01-20T19:04:06.680Z"}
{"level":"info","message":"Connected to Redis server","timestamp":"2025-01-20T19:06:38.751Z"}
{"level":"info","message":"Redis server is ready","timestamp":"2025-01-20T19:06:38.766Z"}
{"level":"info","message":"Connected to Redis server","timestamp":"2025-01-20T19:07:01.216Z"}
{"level":"info","message":"Redis server is ready","timestamp":"2025-01-20T19:07:01.230Z"}
{"level":"info","message":"Connected to Redis server","timestamp":"2025-01-20T19:07:07.861Z"}
{"level":"info","message":"Redis server is ready","timestamp":"2025-01-20T19:07:07.873Z"}
{"isOperational":true,"level":"error","message":"Error fetching auction: 404","stack":"Error: 404\n    at AuctionService.getAuctionById (F:\\WORKSPACE-DEV\\testing\\b2\\code\\backend\\services\\auction\\getAuction.service.js:181:15)\n    at async getAuctionById (F:\\WORKSPACE-DEV\\testing\\b2\\code\\backend\\controllers\\v1\\auction.controller.js:107:23)","status":"error","statusCode":"Auction not found","timestamp":"2025-01-20T19:07:11.689Z"}
{"level":"info","message":"Connected to Redis server","timestamp":"2025-01-20T19:10:37.645Z"}
{"level":"info","message":"Redis server is ready","timestamp":"2025-01-20T19:10:37.659Z"}
{"level":"info","message":"Connected to Redis server","timestamp":"2025-01-20T19:10:43.177Z"}
{"level":"info","message":"Redis server is ready","timestamp":"2025-01-20T19:10:43.192Z"}
{"level":"error","message":"Get active bids error: Cannot read properties of undefined (reading 'id')","stack":"TypeError: Cannot read properties of undefined (reading 'id')\n    at getUserActiveBids (F:\\WORKSPACE-DEV\\testing\\b2\\code\\backend\\controllers\\bid\\bid-controller.js:155:31)\n    at Layer.handle [as handle_request] (F:\\WORKSPACE-DEV\\testing\\b2\\code\\backend\\node_modules\\express\\lib\\router\\layer.js:95:5)\n    at next (F:\\WORKSPACE-DEV\\testing\\b2\\code\\backend\\node_modules\\express\\lib\\router\\route.js:149:13)\n    at Route.dispatch (F:\\WORKSPACE-DEV\\testing\\b2\\code\\backend\\node_modules\\express\\lib\\router\\route.js:119:3)\n    at Layer.handle [as handle_request] (F:\\WORKSPACE-DEV\\testing\\b2\\code\\backend\\node_modules\\express\\lib\\router\\layer.js:95:5)\n    at F:\\WORKSPACE-DEV\\testing\\b2\\code\\backend\\node_modules\\express\\lib\\router\\index.js:284:15\n    at Function.process_params (F:\\WORKSPACE-DEV\\testing\\b2\\code\\backend\\node_modules\\express\\lib\\router\\index.js:346:12)\n    at next (F:\\WORKSPACE-DEV\\testing\\b2\\code\\backend\\node_modules\\express\\lib\\router\\index.js:280:10)\n    at Function.handle (F:\\WORKSPACE-DEV\\testing\\b2\\code\\backend\\node_modules\\express\\lib\\router\\index.js:175:3)\n    at router (F:\\WORKSPACE-DEV\\testing\\b2\\code\\backend\\node_modules\\express\\lib\\router\\index.js:47:12)","timestamp":"2025-01-20T19:11:24.593Z"}
{"level":"info","message":"Connected to Redis server","timestamp":"2025-01-20T19:12:14.201Z"}
{"level":"info","message":"Redis server is ready","timestamp":"2025-01-20T19:12:14.210Z"}
{"level":"info","message":"Connected to Redis server","timestamp":"2025-01-20T19:12:17.715Z"}
{"level":"info","message":"Redis server is ready","timestamp":"2025-01-20T19:12:17.725Z"}
{"level":"info","message":"Connected to Redis server","timestamp":"2025-01-20T19:12:19.655Z"}
{"level":"info","message":"Redis server is ready","timestamp":"2025-01-20T19:12:19.666Z"}
{"level":"error","message":"Authentication required","stack":"Error: Authentication required\n    at protect (F:\\WORKSPACE-DEV\\testing\\b2\\code\\backend\\middleware\\auth.middleware.js:14:19)\n    at Layer.handle [as handle_request] (F:\\WORKSPACE-DEV\\testing\\b2\\code\\backend\\node_modules\\express\\lib\\router\\layer.js:95:5)\n    at trim_prefix (F:\\WORKSPACE-DEV\\testing\\b2\\code\\backend\\node_modules\\express\\lib\\router\\index.js:328:13)\n    at F:\\WORKSPACE-DEV\\testing\\b2\\code\\backend\\node_modules\\express\\lib\\router\\index.js:286:9\n    at Function.process_params (F:\\WORKSPACE-DEV\\testing\\b2\\code\\backend\\node_modules\\express\\lib\\router\\index.js:346:12)\n    at next (F:\\WORKSPACE-DEV\\testing\\b2\\code\\backend\\node_modules\\express\\lib\\router\\index.js:280:10)\n    at Function.handle (F:\\WORKSPACE-DEV\\testing\\b2\\code\\backend\\node_modules\\express\\lib\\router\\index.js:175:3)\n    at router (F:\\WORKSPACE-DEV\\testing\\b2\\code\\backend\\node_modules\\express\\lib\\router\\index.js:47:12)\n    at Layer.handle [as handle_request] (F:\\WORKSPACE-DEV\\testing\\b2\\code\\backend\\node_modules\\express\\lib\\router\\layer.js:95:5)\n    at trim_prefix (F:\\WORKSPACE-DEV\\testing\\b2\\code\\backend\\node_modules\\express\\lib\\router\\index.js:328:13)","statusCode":401,"timestamp":"2025-01-21T04:37:28.855Z"}
{"isOperational":true,"level":"error","message":"Authentication error: Invalid token","stack":"Error: Invalid token\n    at verifyToken (F:\\WORKSPACE-DEV\\testing\\b2\\code\\backend\\middleware\\auth.middleware.js:66:11)\n    at protect (F:\\WORKSPACE-DEV\\testing\\b2\\code\\backend\\middleware\\auth.middleware.js:23:21)\n    at process.processTicksAndRejections (node:internal/process/task_queues:95:5)","status":"fail","statusCode":401,"timestamp":"2025-01-21T04:38:18.114Z"}
{"level":"error","message":"Authentication failed","stack":"Error: Authentication failed\n    at protect (F:\\WORKSPACE-DEV\\testing\\b2\\code\\backend\\middleware\\auth.middleware.js:35:10)\n    at process.processTicksAndRejections (node:internal/process/task_queues:95:5)","statusCode":401,"timestamp":"2025-01-21T04:38:18.119Z"}
{"isOperational":true,"level":"error","message":"Authentication error: Invalid token","stack":"Error: Invalid token\n    at verifyToken (F:\\WORKSPACE-DEV\\testing\\b2\\code\\backend\\middleware\\auth.middleware.js:66:11)\n    at protect (F:\\WORKSPACE-DEV\\testing\\b2\\code\\backend\\middleware\\auth.middleware.js:23:21)\n    at process.processTicksAndRejections (node:internal/process/task_queues:95:5)","status":"fail","statusCode":401,"timestamp":"2025-01-21T04:38:26.770Z"}
{"level":"error","message":"Authentication failed","stack":"Error: Authentication failed\n    at protect (F:\\WORKSPACE-DEV\\testing\\b2\\code\\backend\\middleware\\auth.middleware.js:35:10)\n    at process.processTicksAndRejections (node:internal/process/task_queues:95:5)","statusCode":401,"timestamp":"2025-01-21T04:38:26.775Z"}
{"level":"info","message":"Connected to Redis server","timestamp":"2025-01-21T04:39:05.491Z"}
{"level":"info","message":"Redis server is ready","timestamp":"2025-01-21T04:39:05.504Z"}
{"isOperational":true,"level":"error","message":"Authentication error: Invalid token","stack":"Error: Invalid token\n    at verifyToken (F:\\WORKSPACE-DEV\\testing\\b2\\code\\backend\\middleware\\auth.middleware.js:66:11)\n    at protect (F:\\WORKSPACE-DEV\\testing\\b2\\code\\backend\\middleware\\auth.middleware.js:23:21)\n    at process.processTicksAndRejections (node:internal/process/task_queues:95:5)","status":"fail","statusCode":401,"timestamp":"2025-01-21T04:39:35.786Z"}
{"level":"error","message":"Authentication failed","stack":"Error: Authentication failed\n    at protect (F:\\WORKSPACE-DEV\\testing\\b2\\code\\backend\\middleware\\auth.middleware.js:35:10)\n    at process.processTicksAndRejections (node:internal/process/task_queues:95:5)","statusCode":401,"timestamp":"2025-01-21T04:39:35.792Z"}
{"level":"error","message":"Insufficient permissions","stack":"Error: Insufficient permissions\n    at F:\\WORKSPACE-DEV\\testing\\b2\\code\\backend\\middleware\\auth.middleware.js:42:19\n    at Layer.handle [as handle_request] (F:\\WORKSPACE-DEV\\testing\\b2\\code\\backend\\node_modules\\express\\lib\\router\\layer.js:95:5)\n    at trim_prefix (F:\\WORKSPACE-DEV\\testing\\b2\\code\\backend\\node_modules\\express\\lib\\router\\index.js:328:13)\n    at F:\\WORKSPACE-DEV\\testing\\b2\\code\\backend\\node_modules\\express\\lib\\router\\index.js:286:9\n    at Function.process_params (F:\\WORKSPACE-DEV\\testing\\b2\\code\\backend\\node_modules\\express\\lib\\router\\index.js:346:12)\n    at next (F:\\WORKSPACE-DEV\\testing\\b2\\code\\backend\\node_modules\\express\\lib\\router\\index.js:280:10)\n    at protect (F:\\WORKSPACE-DEV\\testing\\b2\\code\\backend\\middleware\\auth.middleware.js:32:5)","statusCode":403,"timestamp":"2025-01-21T04:53:29.689Z"}
{"level":"error","message":"Insufficient permissions","stack":"Error: Insufficient permissions\n    at F:\\WORKSPACE-DEV\\testing\\b2\\code\\backend\\middleware\\auth.middleware.js:42:19\n    at Layer.handle [as handle_request] (F:\\WORKSPACE-DEV\\testing\\b2\\code\\backend\\node_modules\\express\\lib\\router\\layer.js:95:5)\n    at trim_prefix (F:\\WORKSPACE-DEV\\testing\\b2\\code\\backend\\node_modules\\express\\lib\\router\\index.js:328:13)\n    at F:\\WORKSPACE-DEV\\testing\\b2\\code\\backend\\node_modules\\express\\lib\\router\\index.js:286:9\n    at Function.process_params (F:\\WORKSPACE-DEV\\testing\\b2\\code\\backend\\node_modules\\express\\lib\\router\\index.js:346:12)\n    at next (F:\\WORKSPACE-DEV\\testing\\b2\\code\\backend\\node_modules\\express\\lib\\router\\index.js:280:10)\n    at protect (F:\\WORKSPACE-DEV\\testing\\b2\\code\\backend\\middleware\\auth.middleware.js:32:5)","statusCode":403,"timestamp":"2025-01-21T04:53:29.734Z"}
{"level":"error","message":"Insufficient permissions","stack":"Error: Insufficient permissions\n    at F:\\WORKSPACE-DEV\\testing\\b2\\code\\backend\\middleware\\auth.middleware.js:42:19\n    at Layer.handle [as handle_request] (F:\\WORKSPACE-DEV\\testing\\b2\\code\\backend\\node_modules\\express\\lib\\router\\layer.js:95:5)\n    at trim_prefix (F:\\WORKSPACE-DEV\\testing\\b2\\code\\backend\\node_modules\\express\\lib\\router\\index.js:328:13)\n    at F:\\WORKSPACE-DEV\\testing\\b2\\code\\backend\\node_modules\\express\\lib\\router\\index.js:286:9\n    at Function.process_params (F:\\WORKSPACE-DEV\\testing\\b2\\code\\backend\\node_modules\\express\\lib\\router\\index.js:346:12)\n    at next (F:\\WORKSPACE-DEV\\testing\\b2\\code\\backend\\node_modules\\express\\lib\\router\\index.js:280:10)\n    at protect (F:\\WORKSPACE-DEV\\testing\\b2\\code\\backend\\middleware\\auth.middleware.js:32:5)","statusCode":403,"timestamp":"2025-01-21T04:53:30.800Z"}
{"level":"error","message":"Insufficient permissions","stack":"Error: Insufficient permissions\n    at F:\\WORKSPACE-DEV\\testing\\b2\\code\\backend\\middleware\\auth.middleware.js:42:19\n    at Layer.handle [as handle_request] (F:\\WORKSPACE-DEV\\testing\\b2\\code\\backend\\node_modules\\express\\lib\\router\\layer.js:95:5)\n    at trim_prefix (F:\\WORKSPACE-DEV\\testing\\b2\\code\\backend\\node_modules\\express\\lib\\router\\index.js:328:13)\n    at F:\\WORKSPACE-DEV\\testing\\b2\\code\\backend\\node_modules\\express\\lib\\router\\index.js:286:9\n    at Function.process_params (F:\\WORKSPACE-DEV\\testing\\b2\\code\\backend\\node_modules\\express\\lib\\router\\index.js:346:12)\n    at next (F:\\WORKSPACE-DEV\\testing\\b2\\code\\backend\\node_modules\\express\\lib\\router\\index.js:280:10)\n    at protect (F:\\WORKSPACE-DEV\\testing\\b2\\code\\backend\\middleware\\auth.middleware.js:32:5)","statusCode":403,"timestamp":"2025-01-21T04:53:30.809Z"}
{"level":"error","message":"Insufficient permissions","stack":"Error: Insufficient permissions\n    at F:\\WORKSPACE-DEV\\testing\\b2\\code\\backend\\middleware\\auth.middleware.js:42:19\n    at Layer.handle [as handle_request] (F:\\WORKSPACE-DEV\\testing\\b2\\code\\backend\\node_modules\\express\\lib\\router\\layer.js:95:5)\n    at trim_prefix (F:\\WORKSPACE-DEV\\testing\\b2\\code\\backend\\node_modules\\express\\lib\\router\\index.js:328:13)\n    at F:\\WORKSPACE-DEV\\testing\\b2\\code\\backend\\node_modules\\express\\lib\\router\\index.js:286:9\n    at Function.process_params (F:\\WORKSPACE-DEV\\testing\\b2\\code\\backend\\node_modules\\express\\lib\\router\\index.js:346:12)\n    at next (F:\\WORKSPACE-DEV\\testing\\b2\\code\\backend\\node_modules\\express\\lib\\router\\index.js:280:10)\n    at protect (F:\\WORKSPACE-DEV\\testing\\b2\\code\\backend\\middleware\\auth.middleware.js:32:5)","statusCode":403,"timestamp":"2025-01-21T04:53:32.838Z"}
{"level":"error","message":"Insufficient permissions","stack":"Error: Insufficient permissions\n    at F:\\WORKSPACE-DEV\\testing\\b2\\code\\backend\\middleware\\auth.middleware.js:42:19\n    at Layer.handle [as handle_request] (F:\\WORKSPACE-DEV\\testing\\b2\\code\\backend\\node_modules\\express\\lib\\router\\layer.js:95:5)\n    at trim_prefix (F:\\WORKSPACE-DEV\\testing\\b2\\code\\backend\\node_modules\\express\\lib\\router\\index.js:328:13)\n    at F:\\WORKSPACE-DEV\\testing\\b2\\code\\backend\\node_modules\\express\\lib\\router\\index.js:286:9\n    at Function.process_params (F:\\WORKSPACE-DEV\\testing\\b2\\code\\backend\\node_modules\\express\\lib\\router\\index.js:346:12)\n    at next (F:\\WORKSPACE-DEV\\testing\\b2\\code\\backend\\node_modules\\express\\lib\\router\\index.js:280:10)\n    at protect (F:\\WORKSPACE-DEV\\testing\\b2\\code\\backend\\middleware\\auth.middleware.js:32:5)","statusCode":403,"timestamp":"2025-01-21T04:53:32.853Z"}
{"level":"error","message":"Insufficient permissions","stack":"Error: Insufficient permissions\n    at F:\\WORKSPACE-DEV\\testing\\b2\\code\\backend\\middleware\\auth.middleware.js:42:19\n    at Layer.handle [as handle_request] (F:\\WORKSPACE-DEV\\testing\\b2\\code\\backend\\node_modules\\express\\lib\\router\\layer.js:95:5)\n    at trim_prefix (F:\\WORKSPACE-DEV\\testing\\b2\\code\\backend\\node_modules\\express\\lib\\router\\index.js:328:13)\n    at F:\\WORKSPACE-DEV\\testing\\b2\\code\\backend\\node_modules\\express\\lib\\router\\index.js:286:9\n    at Function.process_params (F:\\WORKSPACE-DEV\\testing\\b2\\code\\backend\\node_modules\\express\\lib\\router\\index.js:346:12)\n    at next (F:\\WORKSPACE-DEV\\testing\\b2\\code\\backend\\node_modules\\express\\lib\\router\\index.js:280:10)\n    at protect (F:\\WORKSPACE-DEV\\testing\\b2\\code\\backend\\middleware\\auth.middleware.js:32:5)","statusCode":403,"timestamp":"2025-01-21T04:53:36.900Z"}
{"level":"error","message":"Insufficient permissions","stack":"Error: Insufficient permissions\n    at F:\\WORKSPACE-DEV\\testing\\b2\\code\\backend\\middleware\\auth.middleware.js:42:19\n    at Layer.handle [as handle_request] (F:\\WORKSPACE-DEV\\testing\\b2\\code\\backend\\node_modules\\express\\lib\\router\\layer.js:95:5)\n    at trim_prefix (F:\\WORKSPACE-DEV\\testing\\b2\\code\\backend\\node_modules\\express\\lib\\router\\index.js:328:13)\n    at F:\\WORKSPACE-DEV\\testing\\b2\\code\\backend\\node_modules\\express\\lib\\router\\index.js:286:9\n    at Function.process_params (F:\\WORKSPACE-DEV\\testing\\b2\\code\\backend\\node_modules\\express\\lib\\router\\index.js:346:12)\n    at next (F:\\WORKSPACE-DEV\\testing\\b2\\code\\backend\\node_modules\\express\\lib\\router\\index.js:280:10)\n    at protect (F:\\WORKSPACE-DEV\\testing\\b2\\code\\backend\\middleware\\auth.middleware.js:32:5)","statusCode":403,"timestamp":"2025-01-21T04:53:36.913Z"}
{"level":"info","message":"Connected to Redis server","timestamp":"2025-01-21T05:07:24.152Z"}
{"level":"info","message":"Redis server is ready","timestamp":"2025-01-21T05:07:24.187Z"}
{"level":"error","message":"Insufficient permissions","stack":"Error: Insufficient permissions\n    at F:\\WORKSPACE-DEV\\testing\\b2\\code\\backend\\middleware\\auth.middleware.js:42:19\n    at Layer.handle [as handle_request] (F:\\WORKSPACE-DEV\\testing\\b2\\code\\backend\\node_modules\\express\\lib\\router\\layer.js:95:5)\n    at trim_prefix (F:\\WORKSPACE-DEV\\testing\\b2\\code\\backend\\node_modules\\express\\lib\\router\\index.js:328:13)\n    at F:\\WORKSPACE-DEV\\testing\\b2\\code\\backend\\node_modules\\express\\lib\\router\\index.js:286:9\n    at Function.process_params (F:\\WORKSPACE-DEV\\testing\\b2\\code\\backend\\node_modules\\express\\lib\\router\\index.js:346:12)\n    at next (F:\\WORKSPACE-DEV\\testing\\b2\\code\\backend\\node_modules\\express\\lib\\router\\index.js:280:10)\n    at protect (F:\\WORKSPACE-DEV\\testing\\b2\\code\\backend\\middleware\\auth.middleware.js:32:5)","statusCode":403,"timestamp":"2025-01-21T05:12:23.281Z"}
{"level":"error","message":"Insufficient permissions","stack":"Error: Insufficient permissions\n    at F:\\WORKSPACE-DEV\\testing\\b2\\code\\backend\\middleware\\auth.middleware.js:42:19\n    at Layer.handle [as handle_request] (F:\\WORKSPACE-DEV\\testing\\b2\\code\\backend\\node_modules\\express\\lib\\router\\layer.js:95:5)\n    at trim_prefix (F:\\WORKSPACE-DEV\\testing\\b2\\code\\backend\\node_modules\\express\\lib\\router\\index.js:328:13)\n    at F:\\WORKSPACE-DEV\\testing\\b2\\code\\backend\\node_modules\\express\\lib\\router\\index.js:286:9\n    at Function.process_params (F:\\WORKSPACE-DEV\\testing\\b2\\code\\backend\\node_modules\\express\\lib\\router\\index.js:346:12)\n    at next (F:\\WORKSPACE-DEV\\testing\\b2\\code\\backend\\node_modules\\express\\lib\\router\\index.js:280:10)\n    at protect (F:\\WORKSPACE-DEV\\testing\\b2\\code\\backend\\middleware\\auth.middleware.js:32:5)","statusCode":403,"timestamp":"2025-01-21T05:12:23.388Z"}
{"level":"info","message":"Fetching dashboard stats...","timestamp":"2025-01-21T05:12:30.554Z"}
{"level":"info","message":"Fetching dashboard stats...","timestamp":"2025-01-21T05:14:46.304Z"}
{"clientVersion":"5.22.0","level":"error","message":"Error fetching auctions: \nInvalid `prisma.auction.findMany()` invocation in\nF:\\WORKSPACE-DEV\\testing\\b2\\code\\backend\\services\\auction\\admin-auction.service.js:132:45\n\n  129 console.log('Cleaned Filter:', cleanedFilter);\n  130 \n  131 // Fetch auctions with the applied filter, sorting, and pagination\n→ 132 const auctions = await prisma.auction.findMany({\n        where: {\n          status: {\n            in: [\n              \"active\"\n            ]\n            ~~~~~~~~~~\n          }\n        },\n        include: {\n          category: true,\n          bids: {\n            select: {\n              id: true,\n              amount: true,\n              bidder: {\n                select: {\n                  id: true,\n                  name: true\n                }\n              }\n            },\n            orderBy: {\n              amount: \"desc\"\n            },\n            take: 1\n          },\n          Seller: true,\n          _count: {\n            select: {\n              bids: true\n            }\n          }\n        },\n        orderBy: [\n          {\n            createdAt: \"asc\"\n          }\n        ],\n        skip: 0,\n        take: 10\n      })\n\nInvalid value for argument `in`. Expected AuctionStatus.","name":"PrismaClientValidationError","stack":"PrismaClientValidationError: \nInvalid `prisma.auction.findMany()` invocation in\nF:\\WORKSPACE-DEV\\testing\\b2\\code\\backend\\services\\auction\\admin-auction.service.js:132:45\n\n  129 console.log('Cleaned Filter:', cleanedFilter);\n  130 \n  131 // Fetch auctions with the applied filter, sorting, and pagination\n→ 132 const auctions = await prisma.auction.findMany({\n        where: {\n          status: {\n            in: [\n              \"active\"\n            ]\n            ~~~~~~~~~~\n          }\n        },\n        include: {\n          category: true,\n          bids: {\n            select: {\n              id: true,\n              amount: true,\n              bidder: {\n                select: {\n                  id: true,\n                  name: true\n                }\n              }\n            },\n            orderBy: {\n              amount: \"desc\"\n            },\n            take: 1\n          },\n          Seller: true,\n          _count: {\n            select: {\n              bids: true\n            }\n          }\n        },\n        orderBy: [\n          {\n            createdAt: \"asc\"\n          }\n        ],\n        skip: 0,\n        take: 10\n      })\n\nInvalid value for argument `in`. Expected AuctionStatus.\n    at wn (F:\\WORKSPACE-DEV\\testing\\b2\\code\\backend\\node_modules\\@prisma\\client\\runtime\\library.js:29:1363)\n    at $n.handleRequestError (F:\\WORKSPACE-DEV\\testing\\b2\\code\\backend\\node_modules\\@prisma\\client\\runtime\\library.js:121:6958)\n    at $n.handleAndLogRequestError (F:\\WORKSPACE-DEV\\testing\\b2\\code\\backend\\node_modules\\@prisma\\client\\runtime\\library.js:121:6623)\n    at $n.request (F:\\WORKSPACE-DEV\\testing\\b2\\code\\backend\\node_modules\\@prisma\\client\\runtime\\library.js:121:6307)\n    at async l (F:\\WORKSPACE-DEV\\testing\\b2\\code\\backend\\node_modules\\@prisma\\client\\runtime\\library.js:130:9633)\n    at async AuctionService.getAuctions (F:\\WORKSPACE-DEV\\testing\\b2\\code\\backend\\services\\auction\\admin-auction.service.js:132:24)\n    at async getAllAuctions (F:\\WORKSPACE-DEV\\testing\\b2\\code\\backend\\controllers\\admin\\admin-auction.controller.js:234:24)","timestamp":"2025-01-21T05:15:41.588Z"}
{"level":"info","message":"Connected to Redis server","timestamp":"2025-01-21T05:16:01.945Z"}
{"level":"info","message":"Redis server is ready","timestamp":"2025-01-21T05:16:01.957Z"}
{"clientVersion":"5.22.0","level":"error","message":"Error fetching auctions: \nInvalid `prisma.auction.findMany()` invocation in\nF:\\WORKSPACE-DEV\\testing\\b2\\code\\backend\\services\\auction\\admin-auction.service.js:132:45\n\n  129 console.log('Cleaned Filter:', cleanedFilter);\n  130 \n  131 // Fetch auctions with the applied filter, sorting, and pagination\n→ 132 const auctions = await prisma.auction.findMany({\n        where: {\n          status: {\n            in: [\n              \"active\"\n            ]\n            ~~~~~~~~~~\n          }\n        },\n        include: {\n          category: true,\n          bids: {\n            select: {\n              id: true,\n              amount: true,\n              bidder: {\n                select: {\n                  id: true,\n                  name: true\n                }\n              }\n            },\n            orderBy: {\n              amount: \"desc\"\n            },\n            take: 1\n          },\n          Seller: true,\n          _count: {\n            select: {\n              bids: true\n            }\n          }\n        },\n        orderBy: [\n          {\n            createdAt: \"asc\"\n          }\n        ],\n        skip: 0,\n        take: 10\n      })\n\nInvalid value for argument `in`. Expected AuctionStatus.","name":"PrismaClientValidationError","stack":"PrismaClientValidationError: \nInvalid `prisma.auction.findMany()` invocation in\nF:\\WORKSPACE-DEV\\testing\\b2\\code\\backend\\services\\auction\\admin-auction.service.js:132:45\n\n  129 console.log('Cleaned Filter:', cleanedFilter);\n  130 \n  131 // Fetch auctions with the applied filter, sorting, and pagination\n→ 132 const auctions = await prisma.auction.findMany({\n        where: {\n          status: {\n            in: [\n              \"active\"\n            ]\n            ~~~~~~~~~~\n          }\n        },\n        include: {\n          category: true,\n          bids: {\n            select: {\n              id: true,\n              amount: true,\n              bidder: {\n                select: {\n                  id: true,\n                  name: true\n                }\n              }\n            },\n            orderBy: {\n              amount: \"desc\"\n            },\n            take: 1\n          },\n          Seller: true,\n          _count: {\n            select: {\n              bids: true\n            }\n          }\n        },\n        orderBy: [\n          {\n            createdAt: \"asc\"\n          }\n        ],\n        skip: 0,\n        take: 10\n      })\n\nInvalid value for argument `in`. Expected AuctionStatus.\n    at wn (F:\\WORKSPACE-DEV\\testing\\b2\\code\\backend\\node_modules\\@prisma\\client\\runtime\\library.js:29:1363)\n    at $n.handleRequestError (F:\\WORKSPACE-DEV\\testing\\b2\\code\\backend\\node_modules\\@prisma\\client\\runtime\\library.js:121:6958)\n    at $n.handleAndLogRequestError (F:\\WORKSPACE-DEV\\testing\\b2\\code\\backend\\node_modules\\@prisma\\client\\runtime\\library.js:121:6623)\n    at $n.request (F:\\WORKSPACE-DEV\\testing\\b2\\code\\backend\\node_modules\\@prisma\\client\\runtime\\library.js:121:6307)\n    at async l (F:\\WORKSPACE-DEV\\testing\\b2\\code\\backend\\node_modules\\@prisma\\client\\runtime\\library.js:130:9633)\n    at async AuctionService.getAuctions (F:\\WORKSPACE-DEV\\testing\\b2\\code\\backend\\services\\auction\\admin-auction.service.js:132:24)\n    at async getAllAuctions (F:\\WORKSPACE-DEV\\testing\\b2\\code\\backend\\controllers\\admin\\admin-auction.controller.js:234:24)","timestamp":"2025-01-21T05:16:11.410Z"}
{"level":"info","message":"Connected to Redis server","timestamp":"2025-01-21T05:17:48.973Z"}
{"level":"info","message":"Redis server is ready","timestamp":"2025-01-21T05:17:48.986Z"}
{"level":"info","message":"Connected to Redis server","timestamp":"2025-01-22T09:40:15.419Z"}
{"level":"info","message":"Redis server is ready","timestamp":"2025-01-22T09:40:15.428Z"}
{"level":"info","message":"Fetching dashboard stats...","timestamp":"2025-01-22T09:57:29.337Z"}
{"level":"info","message":"Verification email sent to johndoe@bid.com","timestamp":"2025-01-22T10:56:18.654Z"}
{"level":"info","message":"Verification email sent to sameer@bid.com","timestamp":"2025-01-22T10:58:35.505Z"}
{"level":"info","message":"Verification email sent to shiven@bid.com","timestamp":"2025-01-22T10:59:21.326Z"}
{"level":"error","message":"Invalid or expired verification token","stack":"Error: Invalid or expired verification token\n    at verifyEmail (F:\\WORKSPACE-DEV\\testing\\b2\\code\\backend\\controllers\\v1\\auth-controller.js:97:19)","statusCode":400,"timestamp":"2025-01-22T11:00:07.751Z"}
{"level":"info","message":"Verification email sent to shakshi@bid.com","timestamp":"2025-01-22T11:00:58.413Z"}
{"level":"info","message":"Connected to Redis server","timestamp":"2025-01-22T11:04:09.023Z"}
{"level":"info","message":"Redis server is ready","timestamp":"2025-01-22T11:04:09.141Z"}
{"level":"error","message":"Place bid error: Cannot read properties of undefined (reading 'id')","stack":"TypeError: Cannot read properties of undefined (reading 'id')\n    at placeBid (F:\\WORKSPACE-DEV\\testing\\b2\\code\\backend\\controllers\\bid\\bid-controller.js:22:33)\n    at Layer.handle [as handle_request] (F:\\WORKSPACE-DEV\\testing\\b2\\code\\backend\\node_modules\\express\\lib\\router\\layer.js:95:5)\n    at next (F:\\WORKSPACE-DEV\\testing\\b2\\code\\backend\\node_modules\\express\\lib\\router\\route.js:149:13)\n    at Route.dispatch (F:\\WORKSPACE-DEV\\testing\\b2\\code\\backend\\node_modules\\express\\lib\\router\\route.js:119:3)\n    at Layer.handle [as handle_request] (F:\\WORKSPACE-DEV\\testing\\b2\\code\\backend\\node_modules\\express\\lib\\router\\layer.js:95:5)\n    at F:\\WORKSPACE-DEV\\testing\\b2\\code\\backend\\node_modules\\express\\lib\\router\\index.js:284:15\n    at param (F:\\WORKSPACE-DEV\\testing\\b2\\code\\backend\\node_modules\\express\\lib\\router\\index.js:365:14)\n    at param (F:\\WORKSPACE-DEV\\testing\\b2\\code\\backend\\node_modules\\express\\lib\\router\\index.js:376:14)\n    at Function.process_params (F:\\WORKSPACE-DEV\\testing\\b2\\code\\backend\\node_modules\\express\\lib\\router\\index.js:421:3)\n    at next (F:\\WORKSPACE-DEV\\testing\\b2\\code\\backend\\node_modules\\express\\lib\\router\\index.js:280:10)","timestamp":"2025-01-22T11:12:59.189Z"}
{"level":"info","message":"Connected to Redis server","timestamp":"2025-01-22T11:13:25.754Z"}
{"level":"info","message":"Redis server is ready","timestamp":"2025-01-22T11:13:25.787Z"}
{"level":"info","message":"Connected to Redis server","timestamp":"2025-01-22T11:13:41.721Z"}
{"level":"info","message":"Redis server is ready","timestamp":"2025-01-22T11:13:41.732Z"}
{"level":"error","message":"Place bid error: Cannot read properties of undefined (reading 'id')","stack":"TypeError: Cannot read properties of undefined (reading 'id')\n    at placeBid (F:\\WORKSPACE-DEV\\testing\\b2\\code\\backend\\controllers\\bid\\bid-controller.js:22:33)\n    at Layer.handle [as handle_request] (F:\\WORKSPACE-DEV\\testing\\b2\\code\\backend\\node_modules\\express\\lib\\router\\layer.js:95:5)\n    at next (F:\\WORKSPACE-DEV\\testing\\b2\\code\\backend\\node_modules\\express\\lib\\router\\route.js:149:13)\n    at Route.dispatch (F:\\WORKSPACE-DEV\\testing\\b2\\code\\backend\\node_modules\\express\\lib\\router\\route.js:119:3)\n    at Layer.handle [as handle_request] (F:\\WORKSPACE-DEV\\testing\\b2\\code\\backend\\node_modules\\express\\lib\\router\\layer.js:95:5)\n    at F:\\WORKSPACE-DEV\\testing\\b2\\code\\backend\\node_modules\\express\\lib\\router\\index.js:284:15\n    at param (F:\\WORKSPACE-DEV\\testing\\b2\\code\\backend\\node_modules\\express\\lib\\router\\index.js:365:14)\n    at param (F:\\WORKSPACE-DEV\\testing\\b2\\code\\backend\\node_modules\\express\\lib\\router\\index.js:376:14)\n    at Function.process_params (F:\\WORKSPACE-DEV\\testing\\b2\\code\\backend\\node_modules\\express\\lib\\router\\index.js:421:3)\n    at next (F:\\WORKSPACE-DEV\\testing\\b2\\code\\backend\\node_modules\\express\\lib\\router\\index.js:280:10)","timestamp":"2025-01-22T11:14:42.783Z"}
{"level":"info","message":"Connected to Redis server","timestamp":"2025-01-22T11:16:42.661Z"}
{"level":"info","message":"Redis server is ready","timestamp":"2025-01-22T11:16:42.676Z"}
{"level":"info","message":"Connected to Redis server","timestamp":"2025-01-22T11:17:06.641Z"}
{"level":"info","message":"Redis server is ready","timestamp":"2025-01-22T11:17:06.659Z"}
{"level":"info","message":"Connected to Redis server","timestamp":"2025-01-22T11:18:14.151Z"}
{"level":"info","message":"Redis server is ready","timestamp":"2025-01-22T11:18:14.195Z"}
{"level":"info","message":"Connected to Redis server","timestamp":"2025-01-22T11:19:19.928Z"}
{"level":"info","message":"Redis server is ready","timestamp":"2025-01-22T11:19:19.938Z"}
{"isOperational":true,"level":"error","message":"Place bid error: 401","stack":"Error: 401\n    at placeBid (F:\\WORKSPACE-DEV\\testing\\b2\\code\\backend\\controllers\\bid\\bid-controller.js:31:15)\n    at Layer.handle [as handle_request] (F:\\WORKSPACE-DEV\\testing\\b2\\code\\backend\\node_modules\\express\\lib\\router\\layer.js:95:5)\n    at next (F:\\WORKSPACE-DEV\\testing\\b2\\code\\backend\\node_modules\\express\\lib\\router\\route.js:149:13)\n    at Route.dispatch (F:\\WORKSPACE-DEV\\testing\\b2\\code\\backend\\node_modules\\express\\lib\\router\\route.js:119:3)\n    at Layer.handle [as handle_request] (F:\\WORKSPACE-DEV\\testing\\b2\\code\\backend\\node_modules\\express\\lib\\router\\layer.js:95:5)\n    at F:\\WORKSPACE-DEV\\testing\\b2\\code\\backend\\node_modules\\express\\lib\\router\\index.js:284:15\n    at param (F:\\WORKSPACE-DEV\\testing\\b2\\code\\backend\\node_modules\\express\\lib\\router\\index.js:365:14)\n    at param (F:\\WORKSPACE-DEV\\testing\\b2\\code\\backend\\node_modules\\express\\lib\\router\\index.js:376:14)\n    at Function.process_params (F:\\WORKSPACE-DEV\\testing\\b2\\code\\backend\\node_modules\\express\\lib\\router\\index.js:421:3)\n    at next (F:\\WORKSPACE-DEV\\testing\\b2\\code\\backend\\node_modules\\express\\lib\\router\\index.js:280:10)","status":"error","statusCode":"Authentication required","timestamp":"2025-01-22T11:20:13.747Z"}
{"level":"info","message":"Connected to Redis server","timestamp":"2025-01-22T11:22:59.031Z"}
{"level":"info","message":"Redis server is ready","timestamp":"2025-01-22T11:22:59.042Z"}
{"isOperational":true,"level":"error","message":"Place bid error: 401","stack":"Error: 401\n    at placeBid (F:\\WORKSPACE-DEV\\testing\\b2\\code\\backend\\controllers\\bid\\bid-controller.js:31:15)\n    at Layer.handle [as handle_request] (F:\\WORKSPACE-DEV\\testing\\b2\\code\\backend\\node_modules\\express\\lib\\router\\layer.js:95:5)\n    at next (F:\\WORKSPACE-DEV\\testing\\b2\\code\\backend\\node_modules\\express\\lib\\router\\route.js:149:13)\n    at Route.dispatch (F:\\WORKSPACE-DEV\\testing\\b2\\code\\backend\\node_modules\\express\\lib\\router\\route.js:119:3)\n    at Layer.handle [as handle_request] (F:\\WORKSPACE-DEV\\testing\\b2\\code\\backend\\node_modules\\express\\lib\\router\\layer.js:95:5)\n    at F:\\WORKSPACE-DEV\\testing\\b2\\code\\backend\\node_modules\\express\\lib\\router\\index.js:284:15\n    at param (F:\\WORKSPACE-DEV\\testing\\b2\\code\\backend\\node_modules\\express\\lib\\router\\index.js:365:14)\n    at param (F:\\WORKSPACE-DEV\\testing\\b2\\code\\backend\\node_modules\\express\\lib\\router\\index.js:376:14)\n    at Function.process_params (F:\\WORKSPACE-DEV\\testing\\b2\\code\\backend\\node_modules\\express\\lib\\router\\index.js:421:3)\n    at next (F:\\WORKSPACE-DEV\\testing\\b2\\code\\backend\\node_modules\\express\\lib\\router\\index.js:280:10)","status":"error","statusCode":"Authentication required","timestamp":"2025-01-22T11:23:18.893Z"}
{"level":"info","message":"Connected to Redis server","timestamp":"2025-01-22T11:23:53.144Z"}
{"level":"info","message":"Redis server is ready","timestamp":"2025-01-22T11:23:53.167Z"}
{"isOperational":true,"level":"error","message":"Place bid error: 400","stack":"Error: 400\n    at placeBid (F:\\WORKSPACE-DEV\\testing\\b2\\code\\backend\\controllers\\bid\\bid-controller.js:40:15)\n    at Layer.handle [as handle_request] (F:\\WORKSPACE-DEV\\testing\\b2\\code\\backend\\node_modules\\express\\lib\\router\\layer.js:95:5)\n    at next (F:\\WORKSPACE-DEV\\testing\\b2\\code\\backend\\node_modules\\express\\lib\\router\\route.js:149:13)\n    at Route.dispatch (F:\\WORKSPACE-DEV\\testing\\b2\\code\\backend\\node_modules\\express\\lib\\router\\route.js:119:3)\n    at Layer.handle [as handle_request] (F:\\WORKSPACE-DEV\\testing\\b2\\code\\backend\\node_modules\\express\\lib\\router\\layer.js:95:5)\n    at F:\\WORKSPACE-DEV\\testing\\b2\\code\\backend\\node_modules\\express\\lib\\router\\index.js:284:15\n    at param (F:\\WORKSPACE-DEV\\testing\\b2\\code\\backend\\node_modules\\express\\lib\\router\\index.js:365:14)\n    at param (F:\\WORKSPACE-DEV\\testing\\b2\\code\\backend\\node_modules\\express\\lib\\router\\index.js:376:14)\n    at Function.process_params (F:\\WORKSPACE-DEV\\testing\\b2\\code\\backend\\node_modules\\express\\lib\\router\\index.js:421:3)\n    at next (F:\\WORKSPACE-DEV\\testing\\b2\\code\\backend\\node_modules\\express\\lib\\router\\index.js:280:10)","status":"error","statusCode":"Auction ID is required","timestamp":"2025-01-22T11:24:01.943Z"}
{"level":"info","message":"Connected to Redis server","timestamp":"2025-01-22T11:29:00.184Z"}
{"level":"info","message":"Redis server is ready","timestamp":"2025-01-22T11:29:00.208Z"}
{"level":"error","message":"Place bid error: this.auctionService.validateAuctionForBidding is not a function","stack":"TypeError: this.auctionService.validateAuctionForBidding is not a function\n    at placeBid (F:\\WORKSPACE-DEV\\testing\\b2\\code\\backend\\controllers\\bid\\bid-controller.js:44:49)\n    at Layer.handle [as handle_request] (F:\\WORKSPACE-DEV\\testing\\b2\\code\\backend\\node_modules\\express\\lib\\router\\layer.js:95:5)\n    at next (F:\\WORKSPACE-DEV\\testing\\b2\\code\\backend\\node_modules\\express\\lib\\router\\route.js:149:13)\n    at Route.dispatch (F:\\WORKSPACE-DEV\\testing\\b2\\code\\backend\\node_modules\\express\\lib\\router\\route.js:119:3)\n    at Layer.handle [as handle_request] (F:\\WORKSPACE-DEV\\testing\\b2\\code\\backend\\node_modules\\express\\lib\\router\\layer.js:95:5)\n    at F:\\WORKSPACE-DEV\\testing\\b2\\code\\backend\\node_modules\\express\\lib\\router\\index.js:284:15\n    at param (F:\\WORKSPACE-DEV\\testing\\b2\\code\\backend\\node_modules\\express\\lib\\router\\index.js:365:14)\n    at param (F:\\WORKSPACE-DEV\\testing\\b2\\code\\backend\\node_modules\\express\\lib\\router\\index.js:376:14)\n    at Function.process_params (F:\\WORKSPACE-DEV\\testing\\b2\\code\\backend\\node_modules\\express\\lib\\router\\index.js:421:3)\n    at next (F:\\WORKSPACE-DEV\\testing\\b2\\code\\backend\\node_modules\\express\\lib\\router\\index.js:280:10)","timestamp":"2025-01-22T11:29:09.381Z"}
{"level":"info","message":"Connected to Redis server","timestamp":"2025-01-22T11:33:01.892Z"}
{"level":"info","message":"Redis server is ready","timestamp":"2025-01-22T11:33:01.902Z"}
{"level":"error","message":"Error validating auction: Cannot read properties of undefined (reading 'auction')","stack":"TypeError: Cannot read properties of undefined (reading 'auction')\n    at AuctionService.validateAuctionForBidding (F:\\WORKSPACE-DEV\\testing\\b2\\code\\backend\\services\\auction\\getAuction.service.js:199:41)\n    at placeBid (F:\\WORKSPACE-DEV\\testing\\b2\\code\\backend\\controllers\\bid\\bid-controller.js:44:49)\n    at Layer.handle [as handle_request] (F:\\WORKSPACE-DEV\\testing\\b2\\code\\backend\\node_modules\\express\\lib\\router\\layer.js:95:5)\n    at next (F:\\WORKSPACE-DEV\\testing\\b2\\code\\backend\\node_modules\\express\\lib\\router\\route.js:149:13)\n    at Route.dispatch (F:\\WORKSPACE-DEV\\testing\\b2\\code\\backend\\node_modules\\express\\lib\\router\\route.js:119:3)\n    at Layer.handle [as handle_request] (F:\\WORKSPACE-DEV\\testing\\b2\\code\\backend\\node_modules\\express\\lib\\router\\layer.js:95:5)\n    at F:\\WORKSPACE-DEV\\testing\\b2\\code\\backend\\node_modules\\express\\lib\\router\\index.js:284:15\n    at param (F:\\WORKSPACE-DEV\\testing\\b2\\code\\backend\\node_modules\\express\\lib\\router\\index.js:365:14)\n    at param (F:\\WORKSPACE-DEV\\testing\\b2\\code\\backend\\node_modules\\express\\lib\\router\\index.js:376:14)\n    at Function.process_params (F:\\WORKSPACE-DEV\\testing\\b2\\code\\backend\\node_modules\\express\\lib\\router\\index.js:421:3)","timestamp":"2025-01-22T11:33:17.898Z"}
{"level":"info","message":"Connected to Redis server","timestamp":"2025-01-22T11:35:30.666Z"}
{"level":"info","message":"Redis server is ready","timestamp":"2025-01-22T11:35:30.681Z"}
{"isOperational":true,"level":"error","message":"Error validating auction: 400","stack":"Error: 400\n    at AuctionService.validateAuctionForBidding (F:\\WORKSPACE-DEV\\testing\\b2\\code\\backend\\services\\auction\\getAuction.service.js:214:15)\n    at async placeBid (F:\\WORKSPACE-DEV\\testing\\b2\\code\\backend\\controllers\\bid\\bid-controller.js:44:23)","status":"error","statusCode":"Auction is not active","timestamp":"2025-01-22T11:35:44.406Z"}
{"level":"info","message":"Connected to Redis server","timestamp":"2025-01-22T11:36:26.712Z"}
{"level":"info","message":"Redis server is ready","timestamp":"2025-01-22T11:36:26.734Z"}
{"isOperational":true,"level":"error","message":"Place bid error: 400","stack":"Error: 400\n    at placeBid (F:\\WORKSPACE-DEV\\testing\\b2\\code\\backend\\controllers\\bid\\bid-controller.js:58:15)","status":"error","statusCode":"Minimum bid must be 200099","timestamp":"2025-01-22T11:36:29.041Z"}
{"level":"info","message":"Connected to Redis server","timestamp":"2025-01-22T11:37:40.396Z"}
{"level":"info","message":"Redis server is ready","timestamp":"2025-01-22T11:37:40.409Z"}
{"level":"error","message":"Place bid error: Cannot read properties of null (reading 'to')","stack":"TypeError: Cannot read properties of null (reading 'to')\n    at SocketService.emitNewBid (F:\\WORKSPACE-DEV\\testing\\b2\\code\\backend\\services\\socket-service.js:87:13)\n    at BidService.createBid (F:\\WORKSPACE-DEV\\testing\\b2\\code\\backend\\services\\bid\\bid-service.js:86:19)\n    at async placeBid (F:\\WORKSPACE-DEV\\testing\\b2\\code\\backend\\controllers\\bid\\bid-controller.js:67:19)","timestamp":"2025-01-22T11:37:42.542Z"}
{"level":"info","message":"Connected to Redis server","timestamp":"2025-01-22T11:41:56.176Z"}
{"level":"info","message":"Redis server is ready","timestamp":"2025-01-22T11:41:56.207Z"}
{"level":"info","message":"Connected to Redis server","timestamp":"2025-01-22T11:42:08.662Z"}
{"level":"info","message":"Redis server is ready","timestamp":"2025-01-22T11:42:08.679Z"}
{"level":"info","message":"Connected to Redis server","timestamp":"2025-01-22T11:43:32.925Z"}
{"level":"info","message":"Redis server is ready","timestamp":"2025-01-22T11:43:33.019Z"}
{"level":"info","message":"Socket service initialized successfully","timestamp":"2025-01-22T11:46:24.788Z"}
{"level":"info","message":"Connected to Redis server","timestamp":"2025-01-22T11:46:24.843Z"}
{"level":"info","message":"Redis server is ready","timestamp":"2025-01-22T11:46:24.859Z"}
{"isOperational":true,"level":"error","message":"Place bid error: 400","stack":"Error: 400\n    at placeBid (F:\\WORKSPACE-DEV\\testing\\b2\\code\\backend\\controllers\\bid\\bid-controller.js:58:15)","status":"error","statusCode":"Minimum bid must be 201100","timestamp":"2025-01-22T11:46:45.361Z"}
{"level":"info","message":"Socket service initialized successfully","timestamp":"2025-01-22T11:47:03.415Z"}
{"level":"info","message":"Connected to Redis server","timestamp":"2025-01-22T11:47:03.463Z"}
{"level":"info","message":"Redis server is ready","timestamp":"2025-01-22T11:47:03.483Z"}
{"level":"error","message":"Place bid error: this.notificationService.create is not a function","stack":"TypeError: this.notificationService.create is not a function\n    at placeBid (F:\\WORKSPACE-DEV\\testing\\b2\\code\\backend\\controllers\\bid\\bid-controller.js:80:40)\n    at process.processTicksAndRejections (node:internal/process/task_queues:95:5)","timestamp":"2025-01-22T11:49:45.863Z"}
{"level":"info","message":"Socket service initialized successfully","timestamp":"2025-01-22T11:50:15.638Z"}
{"level":"info","message":"Connected to Redis server","timestamp":"2025-01-22T11:50:15.694Z"}
{"level":"info","message":"Redis server is ready","timestamp":"2025-01-22T11:50:15.738Z"}
{"isOperational":true,"level":"error","message":"Place bid error: 400","stack":"Error: 400\n    at placeBid (F:\\WORKSPACE-DEV\\testing\\b2\\code\\backend\\controllers\\bid\\bid-controller.js:58:15)","status":"error","statusCode":"Minimum bid must be 205200","timestamp":"2025-01-22T11:50:19.199Z"}
{"level":"info","message":"Socket service initialized successfully","timestamp":"2025-01-22T11:50:40.533Z"}
{"level":"info","message":"Connected to Redis server","timestamp":"2025-01-22T11:50:40.575Z"}
{"level":"info","message":"Redis server is ready","timestamp":"2025-01-22T11:50:40.590Z"}
{"isOperational":true,"level":"error","message":"Get auction bids error: 400","stack":"Error: 400\n    at getAuctionBids (F:\\WORKSPACE-DEV\\testing\\b2\\code\\backend\\controllers\\bid\\bid-controller.js:130:15)\n    at Layer.handle [as handle_request] (F:\\WORKSPACE-DEV\\testing\\b2\\code\\backend\\node_modules\\express\\lib\\router\\layer.js:95:5)\n    at next (F:\\WORKSPACE-DEV\\testing\\b2\\code\\backend\\node_modules\\express\\lib\\router\\route.js:149:13)\n    at Route.dispatch (F:\\WORKSPACE-DEV\\testing\\b2\\code\\backend\\node_modules\\express\\lib\\router\\route.js:119:3)\n    at Layer.handle [as handle_request] (F:\\WORKSPACE-DEV\\testing\\b2\\code\\backend\\node_modules\\express\\lib\\router\\layer.js:95:5)\n    at F:\\WORKSPACE-DEV\\testing\\b2\\code\\backend\\node_modules\\express\\lib\\router\\index.js:284:15\n    at param (F:\\WORKSPACE-DEV\\testing\\b2\\code\\backend\\node_modules\\express\\lib\\router\\index.js:365:14)\n    at param (F:\\WORKSPACE-DEV\\testing\\b2\\code\\backend\\node_modules\\express\\lib\\router\\index.js:376:14)\n    at Function.process_params (F:\\WORKSPACE-DEV\\testing\\b2\\code\\backend\\node_modules\\express\\lib\\router\\index.js:421:3)\n    at next (F:\\WORKSPACE-DEV\\testing\\b2\\code\\backend\\node_modules\\express\\lib\\router\\index.js:280:10)","status":"error","statusCode":"Auction ID is required","timestamp":"2025-01-22T11:53:43.045Z"}
{"level":"info","message":"Socket service initialized successfully","timestamp":"2025-01-22T11:54:01.664Z"}
{"level":"info","message":"Connected to Redis server","timestamp":"2025-01-22T11:54:01.706Z"}
{"level":"info","message":"Redis server is ready","timestamp":"2025-01-22T11:54:01.711Z"}
{"level":"info","message":"Socket service initialized successfully","timestamp":"2025-01-22T11:55:11.941Z"}
{"level":"info","message":"Connected to Redis server","timestamp":"2025-01-22T11:55:11.977Z"}
{"level":"info","message":"Redis server is ready","timestamp":"2025-01-22T11:55:11.990Z"}
{"level":"info","message":"Socket service initialized successfully","timestamp":"2025-01-22T11:55:15.339Z"}
{"level":"info","message":"Connected to Redis server","timestamp":"2025-01-22T11:55:15.379Z"}
{"level":"info","message":"Redis server is ready","timestamp":"2025-01-22T11:55:15.391Z"}
{"level":"info","message":"Socket service initialized successfully","timestamp":"2025-01-22T11:55:19.486Z"}
{"level":"info","message":"Connected to Redis server","timestamp":"2025-01-22T11:55:19.530Z"}
{"level":"info","message":"Redis server is ready","timestamp":"2025-01-22T11:55:19.538Z"}
{"level":"info","message":"Socket service initialized successfully","timestamp":"2025-01-22T12:01:52.919Z"}
{"level":"info","message":"Connected to Redis server","timestamp":"2025-01-22T12:01:52.970Z"}
{"level":"info","message":"Redis server is ready","timestamp":"2025-01-22T12:01:52.983Z"}
{"level":"info","message":"Socket service initialized successfully","timestamp":"2025-01-22T12:01:57.005Z"}
{"level":"info","message":"Connected to Redis server","timestamp":"2025-01-22T12:01:57.094Z"}
{"level":"info","message":"Redis server is ready","timestamp":"2025-01-22T12:01:57.114Z"}
{"level":"info","message":"Socket service initialized successfully","timestamp":"2025-01-22T12:02:20.869Z"}
{"level":"info","message":"Connected to Redis server","timestamp":"2025-01-22T12:02:20.928Z"}
{"level":"info","message":"Redis server is ready","timestamp":"2025-01-22T12:02:20.952Z"}
{"level":"info","message":"Socket service initialized successfully","timestamp":"2025-01-22T12:02:24.460Z"}
{"level":"info","message":"Connected to Redis server","timestamp":"2025-01-22T12:02:24.511Z"}
{"level":"info","message":"Redis server is ready","timestamp":"2025-01-22T12:02:24.522Z"}
{"isOperational":true,"level":"error","message":"Get user bids error: 401","stack":"Error: 401\n    at getUserBids (F:\\WORKSPACE-DEV\\testing\\b2\\code\\backend\\controllers\\bid\\bid-controller.js:165:15)\n    at Layer.handle [as handle_request] (F:\\WORKSPACE-DEV\\testing\\b2\\code\\backend\\node_modules\\express\\lib\\router\\layer.js:95:5)\n    at next (F:\\WORKSPACE-DEV\\testing\\b2\\code\\backend\\node_modules\\express\\lib\\router\\route.js:149:13)\n    at Route.dispatch (F:\\WORKSPACE-DEV\\testing\\b2\\code\\backend\\node_modules\\express\\lib\\router\\route.js:119:3)\n    at Layer.handle [as handle_request] (F:\\WORKSPACE-DEV\\testing\\b2\\code\\backend\\node_modules\\express\\lib\\router\\layer.js:95:5)\n    at F:\\WORKSPACE-DEV\\testing\\b2\\code\\backend\\node_modules\\express\\lib\\router\\index.js:284:15\n    at Function.process_params (F:\\WORKSPACE-DEV\\testing\\b2\\code\\backend\\node_modules\\express\\lib\\router\\index.js:346:12)\n    at next (F:\\WORKSPACE-DEV\\testing\\b2\\code\\backend\\node_modules\\express\\lib\\router\\index.js:280:10)\n    at Function.handle (F:\\WORKSPACE-DEV\\testing\\b2\\code\\backend\\node_modules\\express\\lib\\router\\index.js:175:3)\n    at router (F:\\WORKSPACE-DEV\\testing\\b2\\code\\backend\\node_modules\\express\\lib\\router\\index.js:47:12)","status":"error","statusCode":"Authentication required","timestamp":"2025-01-22T12:02:36.827Z"}
{"level":"info","message":"Socket service initialized successfully","timestamp":"2025-01-22T12:19:36.010Z"}
{"level":"info","message":"Connected to Redis server","timestamp":"2025-01-22T12:19:36.134Z"}
{"level":"info","message":"Redis server is ready","timestamp":"2025-01-22T12:19:36.145Z"}
{"level":"info","message":"Socket service initialized successfully","timestamp":"2025-01-22T12:20:10.214Z"}
{"level":"info","message":"Connected to Redis server","timestamp":"2025-01-22T12:20:10.259Z"}
{"level":"info","message":"Redis server is ready","timestamp":"2025-01-22T12:20:10.273Z"}
{"level":"info","message":"Socket service initialized successfully","timestamp":"2025-01-22T12:20:12.239Z"}
{"level":"info","message":"Connected to Redis server","timestamp":"2025-01-22T12:20:12.268Z"}
{"level":"info","message":"Redis server is ready","timestamp":"2025-01-22T12:20:12.276Z"}
{"level":"info","message":"Socket service initialized successfully","timestamp":"2025-01-22T16:31:25.053Z"}
{"level":"info","message":"Connected to Redis server","timestamp":"2025-01-22T16:31:25.120Z"}
{"level":"info","message":"Redis server is ready","timestamp":"2025-01-22T16:31:25.160Z"}
{"isOperational":true,"level":"error","message":"Place bid error: 400","stack":"Error: 400\n    at placeBid (F:\\WORKSPACE-DEV\\testing\\b2\\code\\backend\\controllers\\bid\\bid-controller.js:37:15)\n    at Layer.handle [as handle_request] (F:\\WORKSPACE-DEV\\testing\\b2\\code\\backend\\node_modules\\express\\lib\\router\\layer.js:95:5)\n    at next (F:\\WORKSPACE-DEV\\testing\\b2\\code\\backend\\node_modules\\express\\lib\\router\\route.js:149:13)\n    at Route.dispatch (F:\\WORKSPACE-DEV\\testing\\b2\\code\\backend\\node_modules\\express\\lib\\router\\route.js:119:3)\n    at Layer.handle [as handle_request] (F:\\WORKSPACE-DEV\\testing\\b2\\code\\backend\\node_modules\\express\\lib\\router\\layer.js:95:5)\n    at F:\\WORKSPACE-DEV\\testing\\b2\\code\\backend\\node_modules\\express\\lib\\router\\index.js:284:15\n    at param (F:\\WORKSPACE-DEV\\testing\\b2\\code\\backend\\node_modules\\express\\lib\\router\\index.js:365:14)\n    at param (F:\\WORKSPACE-DEV\\testing\\b2\\code\\backend\\node_modules\\express\\lib\\router\\index.js:376:14)\n    at Function.process_params (F:\\WORKSPACE-DEV\\testing\\b2\\code\\backend\\node_modules\\express\\lib\\router\\index.js:421:3)\n    at next (F:\\WORKSPACE-DEV\\testing\\b2\\code\\backend\\node_modules\\express\\lib\\router\\index.js:280:10)","status":"error","statusCode":"Valid bid amount is required","timestamp":"2025-01-22T17:03:44.591Z"}
{"level":"info","message":"Socket service initialized successfully","timestamp":"2025-01-22T17:06:11.378Z"}
{"level":"info","message":"Connected to Redis server","timestamp":"2025-01-22T17:06:11.417Z"}
{"level":"info","message":"Redis server is ready","timestamp":"2025-01-22T17:06:11.431Z"}
{"isOperational":true,"level":"error","message":"Place bid error: 400","stack":"Error: 400\n    at placeBid (F:\\WORKSPACE-DEV\\testing\\b2\\code\\backend\\controllers\\bid\\bid-controller.js:37:15)\n    at Layer.handle [as handle_request] (F:\\WORKSPACE-DEV\\testing\\b2\\code\\backend\\node_modules\\express\\lib\\router\\layer.js:95:5)\n    at next (F:\\WORKSPACE-DEV\\testing\\b2\\code\\backend\\node_modules\\express\\lib\\router\\route.js:149:13)\n    at Route.dispatch (F:\\WORKSPACE-DEV\\testing\\b2\\code\\backend\\node_modules\\express\\lib\\router\\route.js:119:3)\n    at Layer.handle [as handle_request] (F:\\WORKSPACE-DEV\\testing\\b2\\code\\backend\\node_modules\\express\\lib\\router\\layer.js:95:5)\n    at F:\\WORKSPACE-DEV\\testing\\b2\\code\\backend\\node_modules\\express\\lib\\router\\index.js:284:15\n    at param (F:\\WORKSPACE-DEV\\testing\\b2\\code\\backend\\node_modules\\express\\lib\\router\\index.js:365:14)\n    at param (F:\\WORKSPACE-DEV\\testing\\b2\\code\\backend\\node_modules\\express\\lib\\router\\index.js:376:14)\n    at Function.process_params (F:\\WORKSPACE-DEV\\testing\\b2\\code\\backend\\node_modules\\express\\lib\\router\\index.js:421:3)\n    at next (F:\\WORKSPACE-DEV\\testing\\b2\\code\\backend\\node_modules\\express\\lib\\router\\index.js:280:10)","status":"error","statusCode":"Valid bid amount is required","timestamp":"2025-01-22T17:06:24.021Z"}
{"level":"info","message":"Socket service initialized successfully","timestamp":"2025-01-22T17:08:13.519Z"}
{"level":"info","message":"Connected to Redis server","timestamp":"2025-01-22T17:08:13.548Z"}
{"level":"info","message":"Redis server is ready","timestamp":"2025-01-22T17:08:13.563Z"}
{"isOperational":true,"level":"error","message":"Place bid error: 400","stack":"Error: 400\n    at placeBid (F:\\WORKSPACE-DEV\\testing\\b2\\code\\backend\\controllers\\bid\\bid-controller.js:37:15)\n    at Layer.handle [as handle_request] (F:\\WORKSPACE-DEV\\testing\\b2\\code\\backend\\node_modules\\express\\lib\\router\\layer.js:95:5)\n    at next (F:\\WORKSPACE-DEV\\testing\\b2\\code\\backend\\node_modules\\express\\lib\\router\\route.js:149:13)\n    at Route.dispatch (F:\\WORKSPACE-DEV\\testing\\b2\\code\\backend\\node_modules\\express\\lib\\router\\route.js:119:3)\n    at Layer.handle [as handle_request] (F:\\WORKSPACE-DEV\\testing\\b2\\code\\backend\\node_modules\\express\\lib\\router\\layer.js:95:5)\n    at F:\\WORKSPACE-DEV\\testing\\b2\\code\\backend\\node_modules\\express\\lib\\router\\index.js:284:15\n    at param (F:\\WORKSPACE-DEV\\testing\\b2\\code\\backend\\node_modules\\express\\lib\\router\\index.js:365:14)\n    at param (F:\\WORKSPACE-DEV\\testing\\b2\\code\\backend\\node_modules\\express\\lib\\router\\index.js:376:14)\n    at Function.process_params (F:\\WORKSPACE-DEV\\testing\\b2\\code\\backend\\node_modules\\express\\lib\\router\\index.js:421:3)\n    at next (F:\\WORKSPACE-DEV\\testing\\b2\\code\\backend\\node_modules\\express\\lib\\router\\index.js:280:10)","status":"error","statusCode":"Valid bid amount is required","timestamp":"2025-01-22T17:08:30.130Z"}
{"level":"info","message":"Socket service initialized successfully","timestamp":"2025-01-22T17:09:05.032Z"}
{"level":"info","message":"Connected to Redis server","timestamp":"2025-01-22T17:09:05.079Z"}
{"level":"info","message":"Redis server is ready","timestamp":"2025-01-22T17:09:05.092Z"}
{"isOperational":true,"level":"error","message":"Place bid error: 400","stack":"Error: 400\n    at placeBid (F:\\WORKSPACE-DEV\\testing\\b2\\code\\backend\\controllers\\bid\\bid-controller.js:37:15)\n    at Layer.handle [as handle_request] (F:\\WORKSPACE-DEV\\testing\\b2\\code\\backend\\node_modules\\express\\lib\\router\\layer.js:95:5)\n    at next (F:\\WORKSPACE-DEV\\testing\\b2\\code\\backend\\node_modules\\express\\lib\\router\\route.js:149:13)\n    at Route.dispatch (F:\\WORKSPACE-DEV\\testing\\b2\\code\\backend\\node_modules\\express\\lib\\router\\route.js:119:3)\n    at Layer.handle [as handle_request] (F:\\WORKSPACE-DEV\\testing\\b2\\code\\backend\\node_modules\\express\\lib\\router\\layer.js:95:5)\n    at F:\\WORKSPACE-DEV\\testing\\b2\\code\\backend\\node_modules\\express\\lib\\router\\index.js:284:15\n    at param (F:\\WORKSPACE-DEV\\testing\\b2\\code\\backend\\node_modules\\express\\lib\\router\\index.js:365:14)\n    at param (F:\\WORKSPACE-DEV\\testing\\b2\\code\\backend\\node_modules\\express\\lib\\router\\index.js:376:14)\n    at Function.process_params (F:\\WORKSPACE-DEV\\testing\\b2\\code\\backend\\node_modules\\express\\lib\\router\\index.js:421:3)\n    at next (F:\\WORKSPACE-DEV\\testing\\b2\\code\\backend\\node_modules\\express\\lib\\router\\index.js:280:10)","status":"error","statusCode":"Valid bid amount is required","timestamp":"2025-01-22T17:09:23.375Z"}
{"level":"info","message":"Socket service initialized successfully","timestamp":"2025-01-22T17:11:05.285Z"}
{"level":"info","message":"Connected to Redis server","timestamp":"2025-01-22T17:11:05.316Z"}
{"level":"info","message":"Redis server is ready","timestamp":"2025-01-22T17:11:05.343Z"}
{"isOperational":true,"level":"error","message":"Place bid error: 400","stack":"Error: 400\n    at placeBid (F:\\WORKSPACE-DEV\\testing\\b2\\code\\backend\\controllers\\bid\\bid-controller.js:37:15)\n    at Layer.handle [as handle_request] (F:\\WORKSPACE-DEV\\testing\\b2\\code\\backend\\node_modules\\express\\lib\\router\\layer.js:95:5)\n    at next (F:\\WORKSPACE-DEV\\testing\\b2\\code\\backend\\node_modules\\express\\lib\\router\\route.js:149:13)\n    at Route.dispatch (F:\\WORKSPACE-DEV\\testing\\b2\\code\\backend\\node_modules\\express\\lib\\router\\route.js:119:3)\n    at Layer.handle [as handle_request] (F:\\WORKSPACE-DEV\\testing\\b2\\code\\backend\\node_modules\\express\\lib\\router\\layer.js:95:5)\n    at F:\\WORKSPACE-DEV\\testing\\b2\\code\\backend\\node_modules\\express\\lib\\router\\index.js:284:15\n    at param (F:\\WORKSPACE-DEV\\testing\\b2\\code\\backend\\node_modules\\express\\lib\\router\\index.js:365:14)\n    at param (F:\\WORKSPACE-DEV\\testing\\b2\\code\\backend\\node_modules\\express\\lib\\router\\index.js:376:14)\n    at Function.process_params (F:\\WORKSPACE-DEV\\testing\\b2\\code\\backend\\node_modules\\express\\lib\\router\\index.js:421:3)\n    at next (F:\\WORKSPACE-DEV\\testing\\b2\\code\\backend\\node_modules\\express\\lib\\router\\index.js:280:10)","status":"error","statusCode":"Valid bid amount is required","timestamp":"2025-01-22T17:11:50.335Z"}
{"level":"info","message":"Socket service initialized successfully","timestamp":"2025-01-22T17:15:10.522Z"}
{"level":"info","message":"Connected to Redis server","timestamp":"2025-01-22T17:15:10.578Z"}
{"level":"info","message":"Redis server is ready","timestamp":"2025-01-22T17:15:10.603Z"}
{"level":"info","message":"Socket service initialized successfully","timestamp":"2025-01-22T17:17:06.263Z"}
{"level":"info","message":"Connected to Redis server","timestamp":"2025-01-22T17:17:06.302Z"}
{"level":"info","message":"Redis server is ready","timestamp":"2025-01-22T17:17:06.311Z"}
{"level":"error","message":"Authentication required","stack":"Error: Authentication required\n    at protect (F:\\WORKSPACE-DEV\\testing\\b2\\code\\backend\\middleware\\auth.middleware.js:14:19)\n    at Layer.handle [as handle_request] (F:\\WORKSPACE-DEV\\testing\\b2\\code\\backend\\node_modules\\express\\lib\\router\\layer.js:95:5)\n    at trim_prefix (F:\\WORKSPACE-DEV\\testing\\b2\\code\\backend\\node_modules\\express\\lib\\router\\index.js:328:13)\n    at F:\\WORKSPACE-DEV\\testing\\b2\\code\\backend\\node_modules\\express\\lib\\router\\index.js:286:9\n    at Function.process_params (F:\\WORKSPACE-DEV\\testing\\b2\\code\\backend\\node_modules\\express\\lib\\router\\index.js:346:12)\n    at next (F:\\WORKSPACE-DEV\\testing\\b2\\code\\backend\\node_modules\\express\\lib\\router\\index.js:280:10)\n    at Function.handle (F:\\WORKSPACE-DEV\\testing\\b2\\code\\backend\\node_modules\\express\\lib\\router\\index.js:175:3)\n    at router (F:\\WORKSPACE-DEV\\testing\\b2\\code\\backend\\node_modules\\express\\lib\\router\\index.js:47:12)\n    at Layer.handle [as handle_request] (F:\\WORKSPACE-DEV\\testing\\b2\\code\\backend\\node_modules\\express\\lib\\router\\layer.js:95:5)\n    at trim_prefix (F:\\WORKSPACE-DEV\\testing\\b2\\code\\backend\\node_modules\\express\\lib\\router\\index.js:328:13)","statusCode":401,"timestamp":"2025-01-22T20:23:08.646Z"}
{"isOperational":true,"level":"error","message":"Place bid error: 400","stack":"Error: 400\n    at placeBid (F:\\WORKSPACE-DEV\\testing\\b2\\code\\backend\\controllers\\bid\\bid-controller.js:37:15)\n    at Layer.handle [as handle_request] (F:\\WORKSPACE-DEV\\testing\\b2\\code\\backend\\node_modules\\express\\lib\\router\\layer.js:95:5)\n    at next (F:\\WORKSPACE-DEV\\testing\\b2\\code\\backend\\node_modules\\express\\lib\\router\\route.js:149:13)\n    at Route.dispatch (F:\\WORKSPACE-DEV\\testing\\b2\\code\\backend\\node_modules\\express\\lib\\router\\route.js:119:3)\n    at Layer.handle [as handle_request] (F:\\WORKSPACE-DEV\\testing\\b2\\code\\backend\\node_modules\\express\\lib\\router\\layer.js:95:5)\n    at F:\\WORKSPACE-DEV\\testing\\b2\\code\\backend\\node_modules\\express\\lib\\router\\index.js:284:15\n    at param (F:\\WORKSPACE-DEV\\testing\\b2\\code\\backend\\node_modules\\express\\lib\\router\\index.js:365:14)\n    at param (F:\\WORKSPACE-DEV\\testing\\b2\\code\\backend\\node_modules\\express\\lib\\router\\index.js:376:14)\n    at Function.process_params (F:\\WORKSPACE-DEV\\testing\\b2\\code\\backend\\node_modules\\express\\lib\\router\\index.js:421:3)\n    at next (F:\\WORKSPACE-DEV\\testing\\b2\\code\\backend\\node_modules\\express\\lib\\router\\index.js:280:10)","status":"error","statusCode":"Valid bid amount is required","timestamp":"2025-01-22T20:24:20.248Z"}
{"level":"info","message":"Socket service initialized successfully","timestamp":"2025-01-22T20:27:37.815Z"}
{"level":"info","message":"Connected to Redis server","timestamp":"2025-01-22T20:27:37.944Z"}
{"level":"info","message":"Redis server is ready","timestamp":"2025-01-22T20:27:38.031Z"}
{"isOperational":true,"level":"error","message":"Place bid error: 400","stack":"Error: 400\n    at placeBid (F:\\WORKSPACE-DEV\\testing\\b2\\code\\backend\\controllers\\bid\\bid-controller.js:37:15)\n    at Layer.handle [as handle_request] (F:\\WORKSPACE-DEV\\testing\\b2\\code\\backend\\node_modules\\express\\lib\\router\\layer.js:95:5)\n    at next (F:\\WORKSPACE-DEV\\testing\\b2\\code\\backend\\node_modules\\express\\lib\\router\\route.js:149:13)\n    at Route.dispatch (F:\\WORKSPACE-DEV\\testing\\b2\\code\\backend\\node_modules\\express\\lib\\router\\route.js:119:3)\n    at Layer.handle [as handle_request] (F:\\WORKSPACE-DEV\\testing\\b2\\code\\backend\\node_modules\\express\\lib\\router\\layer.js:95:5)\n    at F:\\WORKSPACE-DEV\\testing\\b2\\code\\backend\\node_modules\\express\\lib\\router\\index.js:284:15\n    at param (F:\\WORKSPACE-DEV\\testing\\b2\\code\\backend\\node_modules\\express\\lib\\router\\index.js:365:14)\n    at param (F:\\WORKSPACE-DEV\\testing\\b2\\code\\backend\\node_modules\\express\\lib\\router\\index.js:376:14)\n    at Function.process_params (F:\\WORKSPACE-DEV\\testing\\b2\\code\\backend\\node_modules\\express\\lib\\router\\index.js:421:3)\n    at next (F:\\WORKSPACE-DEV\\testing\\b2\\code\\backend\\node_modules\\express\\lib\\router\\index.js:280:10)","status":"error","statusCode":"Valid bid amount is required","timestamp":"2025-01-22T20:28:08.967Z"}
{"level":"info","message":"Socket service initialized successfully","timestamp":"2025-01-22T20:29:14.467Z"}
{"level":"info","message":"Connected to Redis server","timestamp":"2025-01-22T20:29:14.502Z"}
{"level":"info","message":"Redis server is ready","timestamp":"2025-01-22T20:29:14.512Z"}
{"isOperational":true,"level":"error","message":"Place bid error: 400","stack":"Error: 400\n    at placeBid (F:\\WORKSPACE-DEV\\testing\\b2\\code\\backend\\controllers\\bid\\bid-controller.js:37:15)\n    at Layer.handle [as handle_request] (F:\\WORKSPACE-DEV\\testing\\b2\\code\\backend\\node_modules\\express\\lib\\router\\layer.js:95:5)\n    at next (F:\\WORKSPACE-DEV\\testing\\b2\\code\\backend\\node_modules\\express\\lib\\router\\route.js:149:13)\n    at Route.dispatch (F:\\WORKSPACE-DEV\\testing\\b2\\code\\backend\\node_modules\\express\\lib\\router\\route.js:119:3)\n    at Layer.handle [as handle_request] (F:\\WORKSPACE-DEV\\testing\\b2\\code\\backend\\node_modules\\express\\lib\\router\\layer.js:95:5)\n    at F:\\WORKSPACE-DEV\\testing\\b2\\code\\backend\\node_modules\\express\\lib\\router\\index.js:284:15\n    at param (F:\\WORKSPACE-DEV\\testing\\b2\\code\\backend\\node_modules\\express\\lib\\router\\index.js:365:14)\n    at param (F:\\WORKSPACE-DEV\\testing\\b2\\code\\backend\\node_modules\\express\\lib\\router\\index.js:376:14)\n    at Function.process_params (F:\\WORKSPACE-DEV\\testing\\b2\\code\\backend\\node_modules\\express\\lib\\router\\index.js:421:3)\n    at next (F:\\WORKSPACE-DEV\\testing\\b2\\code\\backend\\node_modules\\express\\lib\\router\\index.js:280:10)","status":"error","statusCode":"Valid bid amount is required","timestamp":"2025-01-22T20:31:07.362Z"}
{"level":"info","message":"Socket service initialized successfully","timestamp":"2025-01-22T20:32:00.344Z"}
{"level":"info","message":"Connected to Redis server","timestamp":"2025-01-22T20:32:00.390Z"}
{"level":"info","message":"Redis server is ready","timestamp":"2025-01-22T20:32:00.398Z"}
{"isOperational":true,"level":"error","message":"Place bid error: 400","stack":"Error: 400\n    at placeBid (F:\\WORKSPACE-DEV\\testing\\b2\\code\\backend\\controllers\\bid\\bid-controller.js:37:15)\n    at Layer.handle [as handle_request] (F:\\WORKSPACE-DEV\\testing\\b2\\code\\backend\\node_modules\\express\\lib\\router\\layer.js:95:5)\n    at next (F:\\WORKSPACE-DEV\\testing\\b2\\code\\backend\\node_modules\\express\\lib\\router\\route.js:149:13)\n    at Route.dispatch (F:\\WORKSPACE-DEV\\testing\\b2\\code\\backend\\node_modules\\express\\lib\\router\\route.js:119:3)\n    at Layer.handle [as handle_request] (F:\\WORKSPACE-DEV\\testing\\b2\\code\\backend\\node_modules\\express\\lib\\router\\layer.js:95:5)\n    at F:\\WORKSPACE-DEV\\testing\\b2\\code\\backend\\node_modules\\express\\lib\\router\\index.js:284:15\n    at param (F:\\WORKSPACE-DEV\\testing\\b2\\code\\backend\\node_modules\\express\\lib\\router\\index.js:365:14)\n    at param (F:\\WORKSPACE-DEV\\testing\\b2\\code\\backend\\node_modules\\express\\lib\\router\\index.js:376:14)\n    at Function.process_params (F:\\WORKSPACE-DEV\\testing\\b2\\code\\backend\\node_modules\\express\\lib\\router\\index.js:421:3)\n    at next (F:\\WORKSPACE-DEV\\testing\\b2\\code\\backend\\node_modules\\express\\lib\\router\\index.js:280:10)","status":"error","statusCode":"Valid bid amount is required","timestamp":"2025-01-22T20:33:05.782Z"}
{"level":"info","message":"Socket service initialized successfully","timestamp":"2025-01-22T20:35:45.415Z"}
{"level":"info","message":"Connected to Redis server","timestamp":"2025-01-22T20:35:45.544Z"}
{"level":"info","message":"Redis server is ready","timestamp":"2025-01-22T20:35:45.580Z"}
{"isOperational":true,"level":"error","message":"Place bid error: 400","stack":"Error: 400\n    at placeBid (F:\\WORKSPACE-DEV\\testing\\b2\\code\\backend\\controllers\\bid\\bid-controller.js:37:15)\n    at Layer.handle [as handle_request] (F:\\WORKSPACE-DEV\\testing\\b2\\code\\backend\\node_modules\\express\\lib\\router\\layer.js:95:5)\n    at next (F:\\WORKSPACE-DEV\\testing\\b2\\code\\backend\\node_modules\\express\\lib\\router\\route.js:149:13)\n    at Route.dispatch (F:\\WORKSPACE-DEV\\testing\\b2\\code\\backend\\node_modules\\express\\lib\\router\\route.js:119:3)\n    at Layer.handle [as handle_request] (F:\\WORKSPACE-DEV\\testing\\b2\\code\\backend\\node_modules\\express\\lib\\router\\layer.js:95:5)\n    at F:\\WORKSPACE-DEV\\testing\\b2\\code\\backend\\node_modules\\express\\lib\\router\\index.js:284:15\n    at param (F:\\WORKSPACE-DEV\\testing\\b2\\code\\backend\\node_modules\\express\\lib\\router\\index.js:365:14)\n    at param (F:\\WORKSPACE-DEV\\testing\\b2\\code\\backend\\node_modules\\express\\lib\\router\\index.js:376:14)\n    at Function.process_params (F:\\WORKSPACE-DEV\\testing\\b2\\code\\backend\\node_modules\\express\\lib\\router\\index.js:421:3)\n    at next (F:\\WORKSPACE-DEV\\testing\\b2\\code\\backend\\node_modules\\express\\lib\\router\\index.js:280:10)","status":"error","statusCode":"Valid bid amount is required","timestamp":"2025-01-22T20:36:11.064Z"}
{"level":"info","message":"Socket service initialized successfully","timestamp":"2025-01-22T20:38:18.010Z"}
{"level":"info","message":"Connected to Redis server","timestamp":"2025-01-22T20:38:18.081Z"}
{"level":"info","message":"Redis server is ready","timestamp":"2025-01-22T20:38:18.097Z"}
{"isOperational":true,"level":"error","message":"Place bid error: 400","stack":"Error: 400\n    at placeBid (F:\\WORKSPACE-DEV\\testing\\b2\\code\\backend\\controllers\\bid\\bid-controller.js:37:15)\n    at Layer.handle [as handle_request] (F:\\WORKSPACE-DEV\\testing\\b2\\code\\backend\\node_modules\\express\\lib\\router\\layer.js:95:5)\n    at next (F:\\WORKSPACE-DEV\\testing\\b2\\code\\backend\\node_modules\\express\\lib\\router\\route.js:149:13)\n    at Route.dispatch (F:\\WORKSPACE-DEV\\testing\\b2\\code\\backend\\node_modules\\express\\lib\\router\\route.js:119:3)\n    at Layer.handle [as handle_request] (F:\\WORKSPACE-DEV\\testing\\b2\\code\\backend\\node_modules\\express\\lib\\router\\layer.js:95:5)\n    at F:\\WORKSPACE-DEV\\testing\\b2\\code\\backend\\node_modules\\express\\lib\\router\\index.js:284:15\n    at param (F:\\WORKSPACE-DEV\\testing\\b2\\code\\backend\\node_modules\\express\\lib\\router\\index.js:365:14)\n    at param (F:\\WORKSPACE-DEV\\testing\\b2\\code\\backend\\node_modules\\express\\lib\\router\\index.js:376:14)\n    at Function.process_params (F:\\WORKSPACE-DEV\\testing\\b2\\code\\backend\\node_modules\\express\\lib\\router\\index.js:421:3)\n    at next (F:\\WORKSPACE-DEV\\testing\\b2\\code\\backend\\node_modules\\express\\lib\\router\\index.js:280:10)","status":"error","statusCode":"Valid bid amount is required","timestamp":"2025-01-22T20:38:45.721Z"}
{"level":"info","message":"Socket service initialized successfully","timestamp":"2025-01-22T20:39:39.903Z"}
{"level":"info","message":"Connected to Redis server","timestamp":"2025-01-22T20:39:39.945Z"}
{"level":"info","message":"Redis server is ready","timestamp":"2025-01-22T20:39:39.958Z"}
{"isOperational":true,"level":"error","message":"Place bid error: 400","stack":"Error: 400\n    at placeBid (F:\\WORKSPACE-DEV\\testing\\b2\\code\\backend\\controllers\\bid\\bid-controller.js:37:15)\n    at Layer.handle [as handle_request] (F:\\WORKSPACE-DEV\\testing\\b2\\code\\backend\\node_modules\\express\\lib\\router\\layer.js:95:5)\n    at next (F:\\WORKSPACE-DEV\\testing\\b2\\code\\backend\\node_modules\\express\\lib\\router\\route.js:149:13)\n    at Route.dispatch (F:\\WORKSPACE-DEV\\testing\\b2\\code\\backend\\node_modules\\express\\lib\\router\\route.js:119:3)\n    at Layer.handle [as handle_request] (F:\\WORKSPACE-DEV\\testing\\b2\\code\\backend\\node_modules\\express\\lib\\router\\layer.js:95:5)\n    at F:\\WORKSPACE-DEV\\testing\\b2\\code\\backend\\node_modules\\express\\lib\\router\\index.js:284:15\n    at param (F:\\WORKSPACE-DEV\\testing\\b2\\code\\backend\\node_modules\\express\\lib\\router\\index.js:365:14)\n    at param (F:\\WORKSPACE-DEV\\testing\\b2\\code\\backend\\node_modules\\express\\lib\\router\\index.js:376:14)\n    at Function.process_params (F:\\WORKSPACE-DEV\\testing\\b2\\code\\backend\\node_modules\\express\\lib\\router\\index.js:421:3)\n    at next (F:\\WORKSPACE-DEV\\testing\\b2\\code\\backend\\node_modules\\express\\lib\\router\\index.js:280:10)","status":"error","statusCode":"Valid bid amount is required","timestamp":"2025-01-22T20:44:42.491Z"}
{"level":"info","message":"Socket service initialized successfully","timestamp":"2025-01-22T20:45:13.395Z"}
{"level":"info","message":"Connected to Redis server","timestamp":"2025-01-22T20:45:13.436Z"}
{"level":"info","message":"Redis server is ready","timestamp":"2025-01-22T20:45:13.458Z"}
{"level":"info","message":"Socket service initialized successfully","timestamp":"2025-01-22T21:00:42.423Z"}
{"level":"info","message":"Connected to Redis server","timestamp":"2025-01-22T21:00:42.490Z"}
{"level":"info","message":"Redis server is ready","timestamp":"2025-01-22T21:00:42.523Z"}
{"level":"info","message":"Client connected: rkDQEfMRtUyA96cvAAAB","timestamp":"2025-01-22T21:00:46.829Z"}
{"level":"info","message":"Client rkDQEfMRtUyA96cvAAAB joined auction cm61svy1v000113imgrytytvx","timestamp":"2025-01-22T21:00:46.838Z"}
{"level":"info","message":"Client disconnected: rkDQEfMRtUyA96cvAAAB","timestamp":"2025-01-22T21:02:51.426Z"}
{"level":"info","message":"Client connected: lEMQDvmdh-wGbqL0AAAE","timestamp":"2025-01-22T21:02:55.791Z"}
{"level":"info","message":"Client lEMQDvmdh-wGbqL0AAAE joined auction cm61svy1v000113imgrytytvx","timestamp":"2025-01-22T21:02:55.816Z"}
{"level":"info","message":"Client disconnected: lEMQDvmdh-wGbqL0AAAE","timestamp":"2025-01-22T21:06:42.712Z"}
{"level":"info","message":"Client connected: G2zS3hZtR8rfI2LbAAAH","timestamp":"2025-01-22T21:06:47.307Z"}
{"level":"info","message":"Client G2zS3hZtR8rfI2LbAAAH joined auction cm61svy1v000113imgrytytvx","timestamp":"2025-01-22T21:06:47.342Z"}
{"level":"info","message":"Client disconnected: G2zS3hZtR8rfI2LbAAAH","timestamp":"2025-01-22T21:08:21.342Z"}
{"level":"info","message":"Client connected: o2AG1n-oMiKRlibJAAAK","timestamp":"2025-01-22T21:08:24.759Z"}
{"level":"info","message":"Client o2AG1n-oMiKRlibJAAAK joined auction cm61svy1v000113imgrytytvx","timestamp":"2025-01-22T21:08:24.855Z"}
{"level":"info","message":"Client disconnected: o2AG1n-oMiKRlibJAAAK","timestamp":"2025-01-22T21:13:57.601Z"}
{"level":"info","message":"Client connected: pVEAbpSe5SI_kjfXAAAN","timestamp":"2025-01-22T21:13:57.847Z"}
{"level":"info","message":"Client pVEAbpSe5SI_kjfXAAAN joined auction cm61svy1v000113imgrytytvx","timestamp":"2025-01-22T21:13:57.850Z"}
{"level":"info","message":"Client disconnected: pVEAbpSe5SI_kjfXAAAN","timestamp":"2025-01-22T21:14:21.906Z"}
{"level":"info","message":"Client connected: X4XxUy3WmwJVTFvrAAAQ","timestamp":"2025-01-22T21:14:26.031Z"}
{"level":"info","message":"Client X4XxUy3WmwJVTFvrAAAQ joined auction cm61svy1v000113imgrytytvx","timestamp":"2025-01-22T21:14:26.380Z"}
{"level":"info","message":"Client disconnected: X4XxUy3WmwJVTFvrAAAQ","timestamp":"2025-01-22T21:14:38.767Z"}
{"level":"info","message":"Client connected: iQu9zZAQ13S6OU7uAAAT","timestamp":"2025-01-22T21:15:18.049Z"}
{"level":"info","message":"Client iQu9zZAQ13S6OU7uAAAT joined auction cm64qhtyz0001zcsejbcoougu","timestamp":"2025-01-22T21:15:18.117Z"}
{"isOperational":true,"level":"error","message":"Error validating auction: 400","stack":"Error: 400\n    at AuctionService.validateAuctionForBidding (F:\\WORKSPACE-DEV\\testing\\b2\\code\\backend\\services\\auction\\getAuction.service.js:214:15)\n    at async placeBid (F:\\WORKSPACE-DEV\\testing\\b2\\code\\backend\\controllers\\bid\\bid-controller.js:44:23)","status":"error","statusCode":"Auction is not active","timestamp":"2025-01-22T21:15:26.188Z"}
{"level":"info","message":"Socket service initialized successfully","timestamp":"2025-01-22T21:16:12.083Z"}
{"level":"info","message":"Connected to Redis server","timestamp":"2025-01-22T21:16:12.144Z"}
{"level":"info","message":"Redis server is ready","timestamp":"2025-01-22T21:16:12.173Z"}
{"level":"info","message":"Client connected: ith6hz8KjnS4n891AAAB","timestamp":"2025-01-22T21:16:14.088Z"}
{"level":"info","message":"Client ith6hz8KjnS4n891AAAB joined auction cm64qhtyz0001zcsejbcoougu","timestamp":"2025-01-22T21:16:14.099Z"}
{"level":"info","message":"Client disconnected: ith6hz8KjnS4n891AAAB","timestamp":"2025-01-22T21:16:17.547Z"}
{"level":"info","message":"Client connected: tqbOAK58qorCXTEzAAAE","timestamp":"2025-01-22T21:16:47.016Z"}
{"level":"info","message":"Client tqbOAK58qorCXTEzAAAE joined auction cm61ra2km0001wpd92p2xla7p","timestamp":"2025-01-22T21:16:47.029Z"}
{"isOperational":true,"level":"error","message":"Error validating auction: 400","stack":"Error: 400\n    at AuctionService.validateAuctionForBidding (F:\\WORKSPACE-DEV\\testing\\b2\\code\\backend\\services\\auction\\getAuction.service.js:219:15)\n    at async placeBid (F:\\WORKSPACE-DEV\\testing\\b2\\code\\backend\\controllers\\bid\\bid-controller.js:44:23)","status":"error","statusCode":"Auction has ended","timestamp":"2025-01-22T21:16:52.618Z"}
{"level":"info","message":"Socket service initialized successfully","timestamp":"2025-01-22T21:17:09.013Z"}
{"level":"info","message":"Connected to Redis server","timestamp":"2025-01-22T21:17:09.058Z"}
{"level":"info","message":"Redis server is ready","timestamp":"2025-01-22T21:17:09.076Z"}
{"level":"info","message":"Client connected: RbyHM4U_iDI8th05AAAB","timestamp":"2025-01-22T21:17:11.015Z"}
{"level":"info","message":"Client disconnected: RbyHM4U_iDI8th05AAAB","timestamp":"2025-01-22T21:17:12.467Z"}
{"level":"info","message":"Client connected: bArXB24UC2AqEFlcAAAE","timestamp":"2025-01-22T21:17:19.018Z"}
{"level":"info","message":"Client bArXB24UC2AqEFlcAAAE joined auction cm61svy1v000113imgrytytvx","timestamp":"2025-01-22T21:17:19.043Z"}
{"level":"info","message":"Client disconnected: bArXB24UC2AqEFlcAAAE","timestamp":"2025-01-22T21:18:25.353Z"}
{"level":"info","message":"Client connected: gIf0e5qeZeqq9OiFAAAH","timestamp":"2025-01-22T21:18:28.971Z"}
{"level":"info","message":"Client gIf0e5qeZeqq9OiFAAAH joined auction cm61svy1v000113imgrytytvx","timestamp":"2025-01-22T21:18:29.228Z"}
